Data  Data Source=JIGNESHLIMBANI\MSSQLSERVER2019;Initial Catalog=CarisbrookeShipping123456;User ID=sa;Password=Abcdefg1 At 05/10/2022 08:03:45
IsAvailable At 05/10/2022 08:03:45
Data  Data Source=JIGNESHLIMBANI\MSSQLSERVER2019;Initial Catalog=CarisbrookeShipping123456;User ID=sa;Password=Abcdefg1 At 05/10/2022 08:03:45
Data  Data Source=JIGNESHLIMBANI\MSSQLSERVER2019;Initial Catalog=CarisbrookeShipping123456;User ID=sa;Password=Abcdefg1 At 05/10/2022 08:03:45
Data  Data Source=JIGNESHLIMBANI\MSSQLSERVER2019;Initial Catalog=CarisbrookeShipping123456;User ID=sa;Password=Abcdefg1 At 05/10/2022 08:03:45
Data  Data Source=JIGNESHLIMBANI\MSSQLSERVER2019;Initial Catalog=CarisbrookeShipping123456;User ID=sa;Password=Abcdefg1 At 05/10/2022 08:03:45
Data  Data Source=JIGNESHLIMBANI\MSSQLSERVER2019;Initial Catalog=CarisbrookeShipping123456;User ID=sa;Password=Abcdefg1 At 05/10/2022 08:03:55
Data  Data Source=JIGNESHLIMBANI\MSSQLSERVER2019;Initial Catalog=CarisbrookeShipping123456;User ID=sa;Password=Abcdefg1 At 05/10/2022 08:03:55
Data  Data Source=JIGNESHLIMBANI\MSSQLSERVER2019;Initial Catalog=CarisbrookeShipping123456;User ID=sa;Password=Abcdefg1 At 05/10/2022 08:07:24
IsAvailable At 05/10/2022 08:07:24
Data  Data Source=JIGNESHLIMBANI\MSSQLSERVER2019;Initial Catalog=CarisbrookeShipping123456;User ID=sa;Password=Abcdefg1 At 05/10/2022 08:08:09
Data  Data Source=JIGNESHLIMBANI\MSSQLSERVER2019;Initial Catalog=CarisbrookeShipping123456;User ID=sa;Password=Abcdefg1 At 05/10/2022 08:08:09
Data  Data Source=JIGNESHLIMBANI\MSSQLSERVER2019;Initial Catalog=CarisbrookeShipping123456;User ID=sa;Password=Abcdefg1 At 05/10/2022 08:08:09
Data  Data Source=JIGNESHLIMBANI\MSSQLSERVER2019;Initial Catalog=CarisbrookeShipping123456;User ID=sa;Password=Abcdefg1 At 05/10/2022 08:08:09
Data  Data Source=JIGNESHLIMBANI\MSSQLSERVER2019;Initial Catalog=CarisbrookeShipping123456;User ID=sa;Password=Abcdefg1 At 05/10/2022 08:11:03
IsAvailable At 05/10/2022 08:11:03
Data  Data Source=JIGNESHLIMBANI\MSSQLSERVER2019;Initial Catalog=CarisbrookeShipping123456;User ID=sa;Password=Abcdefg1 At 05/10/2022 08:11:03
Data  Data Source=JIGNESHLIMBANI\MSSQLSERVER2019;Initial Catalog=CarisbrookeShipping123456;User ID=sa;Password=Abcdefg1 At 05/10/2022 08:11:03
Data  Data Source=JIGNESHLIMBANI\MSSQLSERVER2019;Initial Catalog=CarisbrookeShipping123456;User ID=sa;Password=Abcdefg1 At 05/10/2022 08:11:03
Data  Data Source=JIGNESHLIMBANI\MSSQLSERVER2019;Initial Catalog=CarisbrookeShipping123456;User ID=sa;Password=Abcdefg1 At 05/10/2022 08:11:03
Data  Data Source=JIGNESHLIMBANI\MSSQLSERVER2019;Initial Catalog=CarisbrookeShipping123456;User ID=sa;Password=Abcdefg1 At 05/10/2022 08:11:47
Data  Data Source=JIGNESHLIMBANI\MSSQLSERVER2019;Initial Catalog=CarisbrookeShipping123456;User ID=sa;Password=Abcdefg1 At 05/10/2022 08:11:47
Data  Data Source=JIGNESHLIMBANI\MSSQLSERVER2019;Initial Catalog=CarisbrookeShipping123456;User ID=sa;Password=Abcdefg1 At 05/10/2022 08:11:47
Data  Data Source=JIGNESHLIMBANI\MSSQLSERVER2019;Initial Catalog=CarisbrookeShipping123456;User ID=sa;Password=Abcdefg1 At 05/10/2022 08:11:47
Data  Data Source=JIGNESHLIMBANI\MSSQLSERVER2019;Initial Catalog=CarisbrookeShipping123456;User ID=sa;Password=Abcdefg1 At 05/10/2022 08:25:54
IsAvailable At 05/10/2022 08:25:54
Data  Data Source=JIGNESHLIMBANI\MSSQLSERVER2019;Initial Catalog=CarisbrookeShipping123456;User ID=sa;Password=Abcdefg1 At 05/10/2022 08:25:54
Data  Data Source=JIGNESHLIMBANI\MSSQLSERVER2019;Initial Catalog=CarisbrookeShipping123456;User ID=sa;Password=Abcdefg1 At 05/10/2022 08:25:54
Data  Data Source=JIGNESHLIMBANI\MSSQLSERVER2019;Initial Catalog=CarisbrookeShipping123456;User ID=sa;Password=Abcdefg1 At 05/10/2022 08:25:54
Data  Data Source=JIGNESHLIMBANI\MSSQLSERVER2019;Initial Catalog=CarisbrookeShipping123456;User ID=sa;Password=Abcdefg1 At 05/10/2022 08:25:54
Data  Data Source=JIGNESHLIMBANI\MSSQLSERVER2019;Initial Catalog=CarisbrookeShipping123456;User ID=sa;Password=Abcdefg1 At 05/10/2022 08:25:58
Data  Data Source=JIGNESHLIMBANI\MSSQLSERVER2019;Initial Catalog=CarisbrookeShipping123456;User ID=sa;Password=Abcdefg1 At 05/10/2022 08:26:06
IsAvailable At 05/10/2022 08:26:06
Data  Data Source=JIGNESHLIMBANI\MSSQLSERVER2019;Initial Catalog=CarisbrookeShipping123456;User ID=sa;Password=Abcdefg1 At 05/10/2022 08:26:10
c4148586-4207-43dd-8376-855e1fa05dfc At 05/10/2022 08:26:10
pathD:\Data\Work\dotNetProject\CarisBrooke\Projects\ShipApplication\ShipApplication\Repository\Manuals\Ship Operating Manual\CSSOM - Section 00D - Dividers Index.pdf----application/pdf At 05/10/2022 08:26:10
Data  Data Source=JIGNESHLIMBANI\MSSQLSERVER2019;Initial Catalog=CarisbrookeShipping123456;User ID=sa;Password=Abcdefg1 At 05/10/2022 08:26:16
97d707b2-9572-4c15-9a14-6bba25a95caf At 05/10/2022 08:26:16
pathD:\Data\Work\dotNetProject\CarisBrooke\Projects\ShipApplication\ShipApplication\Repository\Manuals\Ship Operating Manual\CSSOM - Section 02 - Communications - Issue 3 Amend 2.pdf----application/pdf At 05/10/2022 08:26:16
Data  Data Source=JIGNESHLIMBANI\MSSQLSERVER2019;Initial Catalog=CarisbrookeShipping123456;User ID=sa;Password=Abcdefg1 At 05/10/2022 08:26:16
IsAvailable At 05/10/2022 08:26:16
Data  Data Source=JIGNESHLIMBANI\MSSQLSERVER2019;Initial Catalog=CarisbrookeShipping123456;User ID=sa;Password=Abcdefg1 At 05/10/2022 08:26:24
a8911214-96d8-404d-8548-4e5bd29c2382 At 05/10/2022 08:26:24
pathD:\Data\Work\dotNetProject\CarisBrooke\Projects\ShipApplication\ShipApplication\Repository\Documents\Checklists\Cargo checklists and logs\Dewpoint Table.pdf----application/pdf At 05/10/2022 08:26:24
Data  Data Source=JIGNESHLIMBANI\MSSQLSERVER2019;Initial Catalog=CarisbrookeShipping123456;User ID=sa;Password=Abcdefg1 At 05/10/2022 08:26:25
IsAvailable At 05/10/2022 08:26:25
Data  Data Source=JIGNESHLIMBANI\MSSQLSERVER2019;Initial Catalog=CarisbrookeShipping123456;User ID=sa;Password=Abcdefg1 At 05/10/2022 08:26:31
IsAvailable At 05/10/2022 08:26:31
Data  Data Source=JIGNESHLIMBANI\MSSQLSERVER2019;Initial Catalog=CarisbrookeShipping123456;User ID=sa;Password=Abcdefg1 At 05/10/2022 08:26:35
Data  Data Source=JIGNESHLIMBANI\MSSQLSERVER2019;Initial Catalog=CarisbrookeShipping123456;User ID=sa;Password=Abcdefg1 At 05/10/2022 08:26:43
77feff59-9e5d-49ba-80eb-6ad185ab58a9 At 05/10/2022 08:26:43
pathD:\Data\Work\dotNetProject\CarisBrooke\Projects\ShipApplication\ShipApplication\Repository\Manuals\Safety Management System\01 - Section 01 - Introduction & Company Policies - Issue 6 Amend 2.pdf----application/pdf At 05/10/2022 08:26:43
Data  Data Source=JIGNESHLIMBANI\MSSQLSERVER2019;Initial Catalog=CarisbrookeShipping123456;User ID=sa;Password=Abcdefg1 At 05/10/2022 08:26:44
IsAvailable At 05/10/2022 08:26:44
