Data  Data Source=JIGNESHLIMBANI\MSSQLSERVER2019;Initial Catalog=CarisbrookeShipping123456;User ID=sa;Password=Abcdefg1 At 07/07/2022 10:39:38
IsAvailable At 07/07/2022 10:39:38
Data  Data Source=JIGNESHLIMBANI\MSSQLSERVER2019;Initial Catalog=CarisbrookeShipping123456;User ID=sa;Password=Abcdefg1 At 07/07/2022 10:39:38
Data  Data Source=JIGNESHLIMBANI\MSSQLSERVER2019;Initial Catalog=CarisbrookeShipping123456;User ID=sa;Password=Abcdefg1 At 07/07/2022 10:39:38
Data  Data Source=JIGNESHLIMBANI\MSSQLSERVER2019;Initial Catalog=CarisbrookeShipping123456;User ID=sa;Password=Abcdefg1 At 07/07/2022 10:39:38
Data  Data Source=JIGNESHLIMBANI\MSSQLSERVER2019;Initial Catalog=CarisbrookeShipping123456;User ID=sa;Password=Abcdefg1 At 07/07/2022 10:39:38
Data  Data Source=JIGNESHLIMBANI\MSSQLSERVER2019;Initial Catalog=CarisbrookeShipping123456;User ID=sa;Password=Abcdefg1 At 07/07/2022 10:39:44
Data  Data Source=JIGNESHLIMBANI\MSSQLSERVER2019;Initial Catalog=CarisbrookeShipping123456;User ID=sa;Password=Abcdefg1 At 07/07/2022 10:39:44
Data  Data Source=JIGNESHLIMBANI\MSSQLSERVER2019;Initial Catalog=CarisbrookeShipping123456;User ID=sa;Password=Abcdefg1 At 07/07/2022 10:39:48
Data  Data Source=JIGNESHLIMBANI\MSSQLSERVER2019;Initial Catalog=CarisbrookeShipping123456;User ID=sa;Password=Abcdefg1 At 07/07/2022 10:39:50
GetGIDeficiencies_Local_DB Count: 16 At 07/07/2022 10:39:50
GetGIDeficiencies_Local_DB Port: Test Notification At 07/07/2022 10:39:50
GetGIDeficiencies_Local_DB Port: RG At 07/07/2022 10:39:50
GetGIDeficiencies_Local_DB Port: Passage Douala - Abidjan At 07/07/2022 10:39:50
GetGIDeficiencies_Local_DB Port: Porto Alegre - Vila Do Conde At 07/07/2022 10:39:50
GetGIDeficiencies_Local_DB Port: Marseille (France) At 07/07/2022 10:39:50
GetGIDeficiencies_Local_DB Port: At Sea Las Palmas to Setubal At 07/07/2022 10:39:50
GetGIDeficiencies_Local_DB Port: Houston At 07/07/2022 10:39:50
GetGIDeficiencies_Local_DB Port: Philadelphia At 07/07/2022 10:39:50
GetGIDeficiencies_Local_DB Port: Cardiff At 07/07/2022 10:39:50
GetGIDeficiencies_Local_DB Port: Rio Grande At 07/07/2022 10:39:50
GetGIDeficiencies_Local_DB Port: Hamburg At 07/07/2022 10:39:50
GetGIDeficiencies_Local_DB Port: Ria Grande At 07/07/2022 10:39:50
GetGIDeficiencies_Local_DB Port: Hartlepool At 07/07/2022 10:39:50
GetGIDeficiencies_Local_DB Port: New Orleans At 07/07/2022 10:39:50
GetGIDeficiencies_Local_DB Port: Tilbury At 07/07/2022 10:39:50
GetGIDeficiencies_Local_DB Port: Port of Spain At 07/07/2022 10:39:50
Data  Data Source=JIGNESHLIMBANI\MSSQLSERVER2019;Initial Catalog=CarisbrookeShipping123456;User ID=sa;Password=Abcdefg1 At 07/07/2022 10:39:50
GetGIDeficiencies_Local_DB Count: 16 At 07/07/2022 10:39:50
GetGIDeficiencies_Local_DB Port: Test Notification At 07/07/2022 10:39:50
GetGIDeficiencies_Local_DB Port: RG At 07/07/2022 10:39:50
GetGIDeficiencies_Local_DB Port: Passage Douala - Abidjan At 07/07/2022 10:39:50
GetGIDeficiencies_Local_DB Port: Porto Alegre - Vila Do Conde At 07/07/2022 10:39:50
GetGIDeficiencies_Local_DB Port: Marseille (France) At 07/07/2022 10:39:50
GetGIDeficiencies_Local_DB Port: At Sea Las Palmas to Setubal At 07/07/2022 10:39:50
GetGIDeficiencies_Local_DB Port: Houston At 07/07/2022 10:39:50
GetGIDeficiencies_Local_DB Port: Philadelphia At 07/07/2022 10:39:50
GetGIDeficiencies_Local_DB Port: Cardiff At 07/07/2022 10:39:50
GetGIDeficiencies_Local_DB Port: Rio Grande At 07/07/2022 10:39:50
GetGIDeficiencies_Local_DB Port: Hamburg At 07/07/2022 10:39:50
GetGIDeficiencies_Local_DB Port: Ria Grande At 07/07/2022 10:39:50
GetGIDeficiencies_Local_DB Port: Hartlepool At 07/07/2022 10:39:50
GetGIDeficiencies_Local_DB Port: New Orleans At 07/07/2022 10:39:50
GetGIDeficiencies_Local_DB Port: Tilbury At 07/07/2022 10:39:50
GetGIDeficiencies_Local_DB Port: Port of Spain At 07/07/2022 10:39:50
Data  Data Source=JIGNESHLIMBANI\MSSQLSERVER2019;Initial Catalog=CarisbrookeShipping123456;User ID=sa;Password=Abcdefg1 At 07/07/2022 10:39:50
Data  Data Source=JIGNESHLIMBANI\MSSQLSERVER2019;Initial Catalog=CarisbrookeShipping123456;User ID=sa;Password=Abcdefg1 At 07/07/2022 10:39:55
Data  Data Source=JIGNESHLIMBANI\MSSQLSERVER2019;Initial Catalog=CarisbrookeShipping123456;User ID=sa;Password=Abcdefg1 At 07/07/2022 10:39:57
Data  Data Source=JIGNESHLIMBANI\MSSQLSERVER2019;Initial Catalog=CarisbrookeShipping123456;User ID=sa;Password=Abcdefg1 At 07/07/2022 10:39:57
Data  Data Source=JIGNESHLIMBANI\MSSQLSERVER2019;Initial Catalog=CarisbrookeShipping123456;User ID=sa;Password=Abcdefg1 At 07/07/2022 10:39:58
Data  Data Source=JIGNESHLIMBANI\MSSQLSERVER2019;Initial Catalog=CarisbrookeShipping123456;User ID=sa;Password=Abcdefg1 At 07/07/2022 10:40:00
Data  Data Source=JIGNESHLIMBANI\MSSQLSERVER2019;Initial Catalog=CarisbrookeShipping123456;User ID=sa;Password=Abcdefg1 At 07/07/2022 10:40:00
Data  Data Source=JIGNESHLIMBANI\MSSQLSERVER2019;Initial Catalog=CarisbrookeShipping123456;User ID=sa;Password=Abcdefg1 At 07/07/2022 10:40:00
Data  Data Source=JIGNESHLIMBANI\MSSQLSERVER2019;Initial Catalog=CarisbrookeShipping123456;User ID=sa;Password=Abcdefg1 At 07/07/2022 10:40:00
Data  Data Source=JIGNESHLIMBANI\MSSQLSERVER2019;Initial Catalog=CarisbrookeShipping123456;User ID=sa;Password=Abcdefg1 At 07/07/2022 10:40:00
Data  Data Source=JIGNESHLIMBANI\MSSQLSERVER2019;Initial Catalog=CarisbrookeShipping123456;User ID=sa;Password=Abcdefg1 At 07/07/2022 10:40:00
Data  Data Source=JIGNESHLIMBANI\MSSQLSERVER2019;Initial Catalog=CarisbrookeShipping123456;User ID=sa;Password=Abcdefg1 At 07/07/2022 10:40:08
Data  Data Source=JIGNESHLIMBANI\MSSQLSERVER2019;Initial Catalog=CarisbrookeShipping123456;User ID=sa;Password=Abcdefg1 At 07/07/2022 10:40:08
Data  Data Source=JIGNESHLIMBANI\MSSQLSERVER2019;Initial Catalog=CarisbrookeShipping123456;User ID=sa;Password=Abcdefg1 At 07/07/2022 10:40:08
Data  Data Source=JIGNESHLIMBANI\MSSQLSERVER2019;Initial Catalog=CarisbrookeShipping123456;User ID=sa;Password=Abcdefg1 At 07/07/2022 10:40:08
Data  Data Source=JIGNESHLIMBANI\MSSQLSERVER2019;Initial Catalog=CarisbrookeShipping123456;User ID=sa;Password=Abcdefg1 At 07/07/2022 10:40:08
Data  Data Source=JIGNESHLIMBANI\MSSQLSERVER2019;Initial Catalog=CarisbrookeShipping123456;User ID=sa;Password=Abcdefg1 At 07/07/2022 10:40:08
Data  Data Source=JIGNESHLIMBANI\MSSQLSERVER2019;Initial Catalog=CarisbrookeShipping123456;User ID=sa;Password=Abcdefg1 At 07/07/2022 10:45:16
IsAvailable At 07/07/2022 10:45:16
Data  Data Source=JIGNESHLIMBANI\MSSQLSERVER2019;Initial Catalog=CarisbrookeShipping123456;User ID=sa;Password=Abcdefg1 At 07/07/2022 10:45:16
Data  Data Source=JIGNESHLIMBANI\MSSQLSERVER2019;Initial Catalog=CarisbrookeShipping123456;User ID=sa;Password=Abcdefg1 At 07/07/2022 10:45:16
Data  Data Source=JIGNESHLIMBANI\MSSQLSERVER2019;Initial Catalog=CarisbrookeShipping123456;User ID=sa;Password=Abcdefg1 At 07/07/2022 10:45:16
Data  Data Source=JIGNESHLIMBANI\MSSQLSERVER2019;Initial Catalog=CarisbrookeShipping123456;User ID=sa;Password=Abcdefg1 At 07/07/2022 10:45:16
Data  Data Source=JIGNESHLIMBANI\MSSQLSERVER2019;Initial Catalog=CarisbrookeShipping123456;User ID=sa;Password=Abcdefg1 At 07/07/2022 10:45:21
Data  Data Source=JIGNESHLIMBANI\MSSQLSERVER2019;Initial Catalog=CarisbrookeShipping123456;User ID=sa;Password=Abcdefg1 At 07/07/2022 10:45:21
Data  Data Source=JIGNESHLIMBANI\MSSQLSERVER2019;Initial Catalog=CarisbrookeShipping123456;User ID=sa;Password=Abcdefg1 At 07/07/2022 10:45:33
Data  Data Source=JIGNESHLIMBANI\MSSQLSERVER2019;Initial Catalog=CarisbrookeShipping123456;User ID=sa;Password=Abcdefg1 At 07/07/2022 10:45:40
Data  Data Source=JIGNESHLIMBANI\MSSQLSERVER2019;Initial Catalog=CarisbrookeShipping123456;User ID=sa;Password=Abcdefg1 At 07/07/2022 10:45:40
Data  Data Source=JIGNESHLIMBANI\MSSQLSERVER2019;Initial Catalog=CarisbrookeShipping123456;User ID=sa;Password=Abcdefg1 At 07/07/2022 10:45:42
Data  Data Source=JIGNESHLIMBANI\MSSQLSERVER2019;Initial Catalog=CarisbrookeShipping123456;User ID=sa;Password=Abcdefg1 At 07/07/2022 10:46:02
Data  Data Source=JIGNESHLIMBANI\MSSQLSERVER2019;Initial Catalog=CarisbrookeShipping123456;User ID=sa;Password=Abcdefg1 At 07/07/2022 10:46:02
Data  Data Source=JIGNESHLIMBANI\MSSQLSERVER2019;Initial Catalog=CarisbrookeShipping123456;User ID=sa;Password=Abcdefg1 At 07/07/2022 10:46:02
Data  Data Source=JIGNESHLIMBANI\MSSQLSERVER2019;Initial Catalog=CarisbrookeShipping123456;User ID=sa;Password=Abcdefg1 At 07/07/2022 10:46:02
Data  Data Source=JIGNESHLIMBANI\MSSQLSERVER2019;Initial Catalog=CarisbrookeShipping123456;User ID=sa;Password=Abcdefg1 At 07/07/2022 10:46:02
Data  Data Source=JIGNESHLIMBANI\MSSQLSERVER2019;Initial Catalog=CarisbrookeShipping123456;User ID=sa;Password=Abcdefg1 At 07/07/2022 10:46:02
Data  Data Source=JIGNESHLIMBANI\MSSQLSERVER2019;Initial Catalog=CarisbrookeShipping123456;User ID=sa;Password=Abcdefg1 At 07/07/2022 10:46:09
Data  Data Source=JIGNESHLIMBANI\MSSQLSERVER2019;Initial Catalog=CarisbrookeShipping123456;User ID=sa;Password=Abcdefg1 At 07/07/2022 10:46:09
Data  Data Source=JIGNESHLIMBANI\MSSQLSERVER2019;Initial Catalog=CarisbrookeShipping123456;User ID=sa;Password=Abcdefg1 At 07/07/2022 10:46:09
Data  Data Source=JIGNESHLIMBANI\MSSQLSERVER2019;Initial Catalog=CarisbrookeShipping123456;User ID=sa;Password=Abcdefg1 At 07/07/2022 10:46:09
Data  Data Source=JIGNESHLIMBANI\MSSQLSERVER2019;Initial Catalog=CarisbrookeShipping123456;User ID=sa;Password=Abcdefg1 At 07/07/2022 10:46:09
Data  Data Source=JIGNESHLIMBANI\MSSQLSERVER2019;Initial Catalog=CarisbrookeShipping123456;User ID=sa;Password=Abcdefg1 At 07/07/2022 10:46:09
