Data  Data Source=JIGNESHLIMBANI\MSSQLSERVER2019;Initial Catalog=CarisbrookeShipping123456;User ID=sa;Password=Abcdefg1 At 07/11/2022 12:40:54
IsAvailable At 07/11/2022 12:40:54
Data  Data Source=JIGNESHLIMBANI\MSSQLSERVER2019;Initial Catalog=CarisbrookeShipping123456;User ID=sa;Password=Abcdefg1 At 07/11/2022 12:40:54
Data  Data Source=JIGNESHLIMBANI\MSSQLSERVER2019;Initial Catalog=CarisbrookeShipping123456;User ID=sa;Password=Abcdefg1 At 07/11/2022 12:40:54
Data  Data Source=JIGNESHLIMBANI\MSSQLSERVER2019;Initial Catalog=CarisbrookeShipping123456;User ID=sa;Password=Abcdefg1 At 07/11/2022 12:40:54
Data  Data Source=JIGNESHLIMBANI\MSSQLSERVER2019;Initial Catalog=CarisbrookeShipping123456;User ID=sa;Password=Abcdefg1 At 07/11/2022 12:40:54
Data  Data Source=JIGNESHLIMBANI\MSSQLSERVER2019;Initial Catalog=CarisbrookeShipping123456;User ID=sa;Password=Abcdefg1 At 07/11/2022 12:41:06
Data  Data Source=JIGNESHLIMBANI\MSSQLSERVER2019;Initial Catalog=CarisbrookeShipping123456;User ID=sa;Password=Abcdefg1 At 07/11/2022 12:41:06
Data  Data Source=JIGNESHLIMBANI\MSSQLSERVER2019;Initial Catalog=CarisbrookeShipping123456;User ID=sa;Password=Abcdefg1 At 07/11/2022 12:41:10
Data  Data Source=JIGNESHLIMBANI\MSSQLSERVER2019;Initial Catalog=CarisbrookeShipping123456;User ID=sa;Password=Abcdefg1 At 07/11/2022 12:41:13
GetGIDeficiencies_Local_DB Count: 16 At 07/11/2022 12:41:13
GetGIDeficiencies_Local_DB Port: Test Notification At 07/11/2022 12:41:13
GetGIDeficiencies_Local_DB Port: RG At 07/11/2022 12:41:13
GetGIDeficiencies_Local_DB Port: Passage Douala - Abidjan At 07/11/2022 12:41:13
GetGIDeficiencies_Local_DB Port: Porto Alegre - Vila Do Conde At 07/11/2022 12:41:13
GetGIDeficiencies_Local_DB Port: Marseille (France) At 07/11/2022 12:41:13
GetGIDeficiencies_Local_DB Port: At Sea Las Palmas to Setubal At 07/11/2022 12:41:13
GetGIDeficiencies_Local_DB Port: Houston At 07/11/2022 12:41:13
GetGIDeficiencies_Local_DB Port: Philadelphia At 07/11/2022 12:41:13
GetGIDeficiencies_Local_DB Port: Cardiff At 07/11/2022 12:41:13
GetGIDeficiencies_Local_DB Port: Rio Grande At 07/11/2022 12:41:13
GetGIDeficiencies_Local_DB Port: Hamburg At 07/11/2022 12:41:13
GetGIDeficiencies_Local_DB Port: Ria Grande At 07/11/2022 12:41:13
GetGIDeficiencies_Local_DB Port: Hartlepool At 07/11/2022 12:41:13
GetGIDeficiencies_Local_DB Port: New Orleans At 07/11/2022 12:41:13
GetGIDeficiencies_Local_DB Port: Tilbury At 07/11/2022 12:41:13
GetGIDeficiencies_Local_DB Port: Port of Spain At 07/11/2022 12:41:13
Data  Data Source=JIGNESHLIMBANI\MSSQLSERVER2019;Initial Catalog=CarisbrookeShipping123456;User ID=sa;Password=Abcdefg1 At 07/11/2022 12:41:13
GetGIDeficiencies_Local_DB Count: 16 At 07/11/2022 12:41:13
GetGIDeficiencies_Local_DB Port: Test Notification At 07/11/2022 12:41:13
GetGIDeficiencies_Local_DB Port: RG At 07/11/2022 12:41:13
GetGIDeficiencies_Local_DB Port: Passage Douala - Abidjan At 07/11/2022 12:41:13
GetGIDeficiencies_Local_DB Port: Porto Alegre - Vila Do Conde At 07/11/2022 12:41:13
GetGIDeficiencies_Local_DB Port: Marseille (France) At 07/11/2022 12:41:13
GetGIDeficiencies_Local_DB Port: At Sea Las Palmas to Setubal At 07/11/2022 12:41:13
GetGIDeficiencies_Local_DB Port: Houston At 07/11/2022 12:41:13
GetGIDeficiencies_Local_DB Port: Philadelphia At 07/11/2022 12:41:13
GetGIDeficiencies_Local_DB Port: Cardiff At 07/11/2022 12:41:13
GetGIDeficiencies_Local_DB Port: Rio Grande At 07/11/2022 12:41:13
GetGIDeficiencies_Local_DB Port: Hamburg At 07/11/2022 12:41:13
GetGIDeficiencies_Local_DB Port: Ria Grande At 07/11/2022 12:41:13
GetGIDeficiencies_Local_DB Port: Hartlepool At 07/11/2022 12:41:13
GetGIDeficiencies_Local_DB Port: New Orleans At 07/11/2022 12:41:13
GetGIDeficiencies_Local_DB Port: Tilbury At 07/11/2022 12:41:13
GetGIDeficiencies_Local_DB Port: Port of Spain At 07/11/2022 12:41:13
Data  Data Source=JIGNESHLIMBANI\MSSQLSERVER2019;Initial Catalog=CarisbrookeShipping123456;User ID=sa;Password=Abcdefg1 At 07/11/2022 12:41:13
Data  Data Source=JIGNESHLIMBANI\MSSQLSERVER2019;Initial Catalog=CarisbrookeShipping123456;User ID=sa;Password=Abcdefg1 At 07/11/2022 12:41:14
Data  Data Source=JIGNESHLIMBANI\MSSQLSERVER2019;Initial Catalog=CarisbrookeShipping123456;User ID=sa;Password=Abcdefg1 At 07/11/2022 12:41:14
Data  Data Source=JIGNESHLIMBANI\MSSQLSERVER2019;Initial Catalog=CarisbrookeShipping123456;User ID=sa;Password=Abcdefg1 At 07/11/2022 12:41:14
Data  Data Source=JIGNESHLIMBANI\MSSQLSERVER2019;Initial Catalog=CarisbrookeShipping123456;User ID=sa;Password=Abcdefg1 At 07/11/2022 12:44:12
Data  Data Source=JIGNESHLIMBANI\MSSQLSERVER2019;Initial Catalog=CarisbrookeShipping123456;User ID=sa;Password=Abcdefg1 At 07/11/2022 12:44:14
Data  Data Source=JIGNESHLIMBANI\MSSQLSERVER2019;Initial Catalog=CarisbrookeShipping123456;User ID=sa;Password=Abcdefg1 At 07/11/2022 12:44:14
Data  Data Source=JIGNESHLIMBANI\MSSQLSERVER2019;Initial Catalog=CarisbrookeShipping123456;User ID=sa;Password=Abcdefg1 At 07/11/2022 12:44:15
Data  Data Source=JIGNESHLIMBANI\MSSQLSERVER2019;Initial Catalog=CarisbrookeShipping123456;User ID=sa;Password=Abcdefg1 At 07/11/2022 12:44:24
Data  Data Source=JIGNESHLIMBANI\MSSQLSERVER2019;Initial Catalog=CarisbrookeShipping123456;User ID=sa;Password=Abcdefg1 At 07/11/2022 12:44:24
Data  Data Source=JIGNESHLIMBANI\MSSQLSERVER2019;Initial Catalog=CarisbrookeShipping123456;User ID=sa;Password=Abcdefg1 At 07/11/2022 12:44:24
Data  Data Source=JIGNESHLIMBANI\MSSQLSERVER2019;Initial Catalog=CarisbrookeShipping123456;User ID=sa;Password=Abcdefg1 At 07/11/2022 12:44:24
Data  Data Source=JIGNESHLIMBANI\MSSQLSERVER2019;Initial Catalog=CarisbrookeShipping123456;User ID=sa;Password=Abcdefg1 At 07/11/2022 12:44:24
Data  Data Source=JIGNESHLIMBANI\MSSQLSERVER2019;Initial Catalog=CarisbrookeShipping123456;User ID=sa;Password=Abcdefg1 At 07/11/2022 12:44:24
Data  Data Source=JIGNESHLIMBANI\MSSQLSERVER2019;Initial Catalog=CarisbrookeShipping123456;User ID=sa;Password=Abcdefg1 At 07/11/2022 12:44:24
Data  Data Source=JIGNESHLIMBANI\MSSQLSERVER2019;Initial Catalog=CarisbrookeShipping123456;User ID=sa;Password=Abcdefg1 At 07/11/2022 12:44:24
