Data  Data Source=JIGNESHLIMBANI\MSSQLSERVER2019;Initial Catalog=CarisbrookeShipping123456;User ID=sa;Password=Abcdefg1 At 18/10/2022 10:32:59
IsAvailable At 18/10/2022 10:32:59
Data  Data Source=JIGNESHLIMBANI\MSSQLSERVER2019;Initial Catalog=CarisbrookeShipping123456;User ID=sa;Password=Abcdefg1 At 18/10/2022 10:32:59
Data  Data Source=JIGNESHLIMBANI\MSSQLSERVER2019;Initial Catalog=CarisbrookeShipping123456;User ID=sa;Password=Abcdefg1 At 18/10/2022 10:32:59
Data  Data Source=JIGNESHLIMBANI\MSSQLSERVER2019;Initial Catalog=CarisbrookeShipping123456;User ID=sa;Password=Abcdefg1 At 18/10/2022 10:32:59
Data  Data Source=JIGNESHLIMBANI\MSSQLSERVER2019;Initial Catalog=CarisbrookeShipping123456;User ID=sa;Password=Abcdefg1 At 18/10/2022 10:32:59
Data  Data Source=JIGNESHLIMBANI\MSSQLSERVER2019;Initial Catalog=CarisbrookeShipping123456;User ID=sa;Password=Abcdefg1 At 18/10/2022 10:33:03
Data  Data Source=JIGNESHLIMBANI\MSSQLSERVER2019;Initial Catalog=CarisbrookeShipping123456;User ID=sa;Password=Abcdefg1 At 18/10/2022 10:33:03
Data  Data Source=JIGNESHLIMBANI\MSSQLSERVER2019;Initial Catalog=CarisbrookeShipping123456;User ID=sa;Password=Abcdefg1 At 18/10/2022 10:33:51
Data  Data Source=JIGNESHLIMBANI\MSSQLSERVER2019;Initial Catalog=CarisbrookeShipping123456;User ID=sa;Password=Abcdefg1 At 18/10/2022 10:33:53
GetGIDeficiencies_Local_DB Count: 16 At 18/10/2022 10:33:53
GetGIDeficiencies_Local_DB Port: Test Notification At 18/10/2022 10:33:53
GetGIDeficiencies_Local_DB Port: RG At 18/10/2022 10:33:53
GetGIDeficiencies_Local_DB Port: Passage Douala - Abidjan At 18/10/2022 10:33:53
GetGIDeficiencies_Local_DB Port: Porto Alegre - Vila Do Conde At 18/10/2022 10:33:53
GetGIDeficiencies_Local_DB Port: Marseille (France) At 18/10/2022 10:33:53
GetGIDeficiencies_Local_DB Port: At Sea Las Palmas to Setubal At 18/10/2022 10:33:53
GetGIDeficiencies_Local_DB Port: Houston At 18/10/2022 10:33:53
GetGIDeficiencies_Local_DB Port: Philadelphia At 18/10/2022 10:33:53
GetGIDeficiencies_Local_DB Port: Cardiff At 18/10/2022 10:33:53
GetGIDeficiencies_Local_DB Port: Rio Grande At 18/10/2022 10:33:53
GetGIDeficiencies_Local_DB Port: Hamburg At 18/10/2022 10:33:53
GetGIDeficiencies_Local_DB Port: Ria Grande At 18/10/2022 10:33:53
GetGIDeficiencies_Local_DB Port: Hartlepool At 18/10/2022 10:33:53
GetGIDeficiencies_Local_DB Port: New Orleans At 18/10/2022 10:33:53
GetGIDeficiencies_Local_DB Port: Tilbury At 18/10/2022 10:33:53
GetGIDeficiencies_Local_DB Port: Port of Spain At 18/10/2022 10:33:53
Data  Data Source=JIGNESHLIMBANI\MSSQLSERVER2019;Initial Catalog=CarisbrookeShipping123456;User ID=sa;Password=Abcdefg1 At 18/10/2022 10:33:53
GetGIDeficiencies_Local_DB Count: 16 At 18/10/2022 10:33:53
GetGIDeficiencies_Local_DB Port: Test Notification At 18/10/2022 10:33:53
GetGIDeficiencies_Local_DB Port: RG At 18/10/2022 10:33:53
GetGIDeficiencies_Local_DB Port: Passage Douala - Abidjan At 18/10/2022 10:33:53
GetGIDeficiencies_Local_DB Port: Porto Alegre - Vila Do Conde At 18/10/2022 10:33:53
GetGIDeficiencies_Local_DB Port: Marseille (France) At 18/10/2022 10:33:53
GetGIDeficiencies_Local_DB Port: At Sea Las Palmas to Setubal At 18/10/2022 10:33:53
GetGIDeficiencies_Local_DB Port: Houston At 18/10/2022 10:33:53
GetGIDeficiencies_Local_DB Port: Philadelphia At 18/10/2022 10:33:53
GetGIDeficiencies_Local_DB Port: Cardiff At 18/10/2022 10:33:53
GetGIDeficiencies_Local_DB Port: Rio Grande At 18/10/2022 10:33:53
GetGIDeficiencies_Local_DB Port: Hamburg At 18/10/2022 10:33:53
GetGIDeficiencies_Local_DB Port: Ria Grande At 18/10/2022 10:33:53
GetGIDeficiencies_Local_DB Port: Hartlepool At 18/10/2022 10:33:53
GetGIDeficiencies_Local_DB Port: New Orleans At 18/10/2022 10:33:53
GetGIDeficiencies_Local_DB Port: Tilbury At 18/10/2022 10:33:53
GetGIDeficiencies_Local_DB Port: Port of Spain At 18/10/2022 10:33:53
Data  Data Source=JIGNESHLIMBANI\MSSQLSERVER2019;Initial Catalog=CarisbrookeShipping123456;User ID=sa;Password=Abcdefg1 At 18/10/2022 10:33:53
Data  Data Source=JIGNESHLIMBANI\MSSQLSERVER2019;Initial Catalog=CarisbrookeShipping123456;User ID=sa;Password=Abcdefg1 At 18/10/2022 10:33:56
Data  Data Source=JIGNESHLIMBANI\MSSQLSERVER2019;Initial Catalog=CarisbrookeShipping123456;User ID=sa;Password=Abcdefg1 At 18/10/2022 10:33:56
Data  Data Source=JIGNESHLIMBANI\MSSQLSERVER2019;Initial Catalog=CarisbrookeShipping123456;User ID=sa;Password=Abcdefg1 At 18/10/2022 10:33:59
Data  Data Source=JIGNESHLIMBANI\MSSQLSERVER2019;Initial Catalog=CarisbrookeShipping123456;User ID=sa;Password=Abcdefg1 At 18/10/2022 10:34:03
Data  Data Source=JIGNESHLIMBANI\MSSQLSERVER2019;Initial Catalog=CarisbrookeShipping123456;User ID=sa;Password=Abcdefg1 At 18/10/2022 10:34:05
