Data  Data Source=JIGNESHLIMBANI\MSSQLSERVER2019;Initial Catalog=CarisbrookeShipping123456;User ID=sa;Password=Abcdefg1 At 27/06/2022 13:12:11
IsAvailable At 27/06/2022 13:12:11
Data  Data Source=JIGNESHLIMBANI\MSSQLSERVER2019;Initial Catalog=CarisbrookeShipping123456;User ID=sa;Password=Abcdefg1 At 27/06/2022 13:12:11
Data  Data Source=JIGNESHLIMBANI\MSSQLSERVER2019;Initial Catalog=CarisbrookeShipping123456;User ID=sa;Password=Abcdefg1 At 27/06/2022 13:12:11
Data  Data Source=JIGNESHLIMBANI\MSSQLSERVER2019;Initial Catalog=CarisbrookeShipping123456;User ID=sa;Password=Abcdefg1 At 27/06/2022 13:12:11
Data  Data Source=JIGNESHLIMBANI\MSSQLSERVER2019;Initial Catalog=CarisbrookeShipping123456;User ID=sa;Password=Abcdefg1 At 27/06/2022 13:12:11
Data  Data Source=JIGNESHLIMBANI\MSSQLSERVER2019;Initial Catalog=CarisbrookeShipping123456;User ID=sa;Password=Abcdefg1 At 27/06/2022 13:12:21
Data  Data Source=JIGNESHLIMBANI\MSSQLSERVER2019;Initial Catalog=CarisbrookeShipping123456;User ID=sa;Password=Abcdefg1 At 27/06/2022 13:12:21
Data  Data Source=JIGNESHLIMBANI\MSSQLSERVER2019;Initial Catalog=CarisbrookeShipping123456;User ID=sa;Password=Abcdefg1 At 27/06/2022 13:12:31
Data  Data Source=JIGNESHLIMBANI\MSSQLSERVER2019;Initial Catalog=CarisbrookeShipping123456;User ID=sa;Password=Abcdefg1 At 27/06/2022 13:12:33
GetGIDeficiencies_Local_DB Count: 16 At 27/06/2022 13:12:33
GetGIDeficiencies_Local_DB Port: Test Notification At 27/06/2022 13:12:33
GetGIDeficiencies_Local_DB Port: RG At 27/06/2022 13:12:33
GetGIDeficiencies_Local_DB Port: Passage Douala - Abidjan At 27/06/2022 13:12:33
GetGIDeficiencies_Local_DB Port: Porto Alegre - Vila Do Conde At 27/06/2022 13:12:33
GetGIDeficiencies_Local_DB Port: Marseille (France) At 27/06/2022 13:12:33
GetGIDeficiencies_Local_DB Port: At Sea Las Palmas to Setubal At 27/06/2022 13:12:33
GetGIDeficiencies_Local_DB Port: Houston At 27/06/2022 13:12:33
GetGIDeficiencies_Local_DB Port: Philadelphia At 27/06/2022 13:12:33
GetGIDeficiencies_Local_DB Port: Cardiff At 27/06/2022 13:12:33
GetGIDeficiencies_Local_DB Port: Rio Grande At 27/06/2022 13:12:33
GetGIDeficiencies_Local_DB Port: Hamburg At 27/06/2022 13:12:33
GetGIDeficiencies_Local_DB Port: Ria Grande At 27/06/2022 13:12:33
GetGIDeficiencies_Local_DB Port: Hartlepool At 27/06/2022 13:12:33
GetGIDeficiencies_Local_DB Port: New Orleans At 27/06/2022 13:12:33
GetGIDeficiencies_Local_DB Port: Tilbury At 27/06/2022 13:12:33
GetGIDeficiencies_Local_DB Port: Port of Spain At 27/06/2022 13:12:33
Data  Data Source=JIGNESHLIMBANI\MSSQLSERVER2019;Initial Catalog=CarisbrookeShipping123456;User ID=sa;Password=Abcdefg1 At 27/06/2022 13:12:33
GetGIDeficiencies_Local_DB Count: 16 At 27/06/2022 13:12:33
GetGIDeficiencies_Local_DB Port: Test Notification At 27/06/2022 13:12:33
GetGIDeficiencies_Local_DB Port: RG At 27/06/2022 13:12:33
GetGIDeficiencies_Local_DB Port: Passage Douala - Abidjan At 27/06/2022 13:12:33
GetGIDeficiencies_Local_DB Port: Porto Alegre - Vila Do Conde At 27/06/2022 13:12:33
GetGIDeficiencies_Local_DB Port: Marseille (France) At 27/06/2022 13:12:33
GetGIDeficiencies_Local_DB Port: At Sea Las Palmas to Setubal At 27/06/2022 13:12:33
GetGIDeficiencies_Local_DB Port: Houston At 27/06/2022 13:12:33
GetGIDeficiencies_Local_DB Port: Philadelphia At 27/06/2022 13:12:33
GetGIDeficiencies_Local_DB Port: Cardiff At 27/06/2022 13:12:33
GetGIDeficiencies_Local_DB Port: Rio Grande At 27/06/2022 13:12:33
GetGIDeficiencies_Local_DB Port: Hamburg At 27/06/2022 13:12:33
GetGIDeficiencies_Local_DB Port: Ria Grande At 27/06/2022 13:12:33
GetGIDeficiencies_Local_DB Port: Hartlepool At 27/06/2022 13:12:33
GetGIDeficiencies_Local_DB Port: New Orleans At 27/06/2022 13:12:33
GetGIDeficiencies_Local_DB Port: Tilbury At 27/06/2022 13:12:33
GetGIDeficiencies_Local_DB Port: Port of Spain At 27/06/2022 13:12:33
Data  Data Source=JIGNESHLIMBANI\MSSQLSERVER2019;Initial Catalog=CarisbrookeShipping123456;User ID=sa;Password=Abcdefg1 At 27/06/2022 13:12:33
Data  Data Source=JIGNESHLIMBANI\MSSQLSERVER2019;Initial Catalog=CarisbrookeShipping123456;User ID=sa;Password=Abcdefg1 At 27/06/2022 13:12:36
Data  Data Source=JIGNESHLIMBANI\MSSQLSERVER2019;Initial Catalog=CarisbrookeShipping123456;User ID=sa;Password=Abcdefg1 At 27/06/2022 13:12:36
Data  Data Source=JIGNESHLIMBANI\MSSQLSERVER2019;Initial Catalog=CarisbrookeShipping123456;User ID=sa;Password=Abcdefg1 At 27/06/2022 13:12:37
Data  Data Source=JIGNESHLIMBANI\MSSQLSERVER2019;Initial Catalog=CarisbrookeShipping123456;User ID=sa;Password=Abcdefg1 At 27/06/2022 13:12:44
Data  Data Source=JIGNESHLIMBANI\MSSQLSERVER2019;Initial Catalog=CarisbrookeShipping123456;User ID=sa;Password=Abcdefg1 At 27/06/2022 13:12:44
Data  Data Source=JIGNESHLIMBANI\MSSQLSERVER2019;Initial Catalog=CarisbrookeShipping123456;User ID=sa;Password=Abcdefg1 At 27/06/2022 13:12:50
Data  Data Source=JIGNESHLIMBANI\MSSQLSERVER2019;Initial Catalog=CarisbrookeShipping123456;User ID=sa;Password=Abcdefg1 At 27/06/2022 13:12:53
Data  Data Source=JIGNESHLIMBANI\MSSQLSERVER2019;Initial Catalog=CarisbrookeShipping123456;User ID=sa;Password=Abcdefg1 At 27/06/2022 13:12:53
Data  Data Source=JIGNESHLIMBANI\MSSQLSERVER2019;Initial Catalog=CarisbrookeShipping123456;User ID=sa;Password=Abcdefg1 At 27/06/2022 13:12:59
Data  Data Source=JIGNESHLIMBANI\MSSQLSERVER2019;Initial Catalog=CarisbrookeShipping123456;User ID=sa;Password=Abcdefg1 At 27/06/2022 13:12:59
Data  Data Source=JIGNESHLIMBANI\MSSQLSERVER2019;Initial Catalog=CarisbrookeShipping123456;User ID=sa;Password=Abcdefg1 At 27/06/2022 13:13:02
Data  Data Source=JIGNESHLIMBANI\MSSQLSERVER2019;Initial Catalog=CarisbrookeShipping123456;User ID=sa;Password=Abcdefg1 At 27/06/2022 13:13:05
Data  Data Source=JIGNESHLIMBANI\MSSQLSERVER2019;Initial Catalog=CarisbrookeShipping123456;User ID=sa;Password=Abcdefg1 At 27/06/2022 13:13:05
Data  Data Source=JIGNESHLIMBANI\MSSQLSERVER2019;Initial Catalog=CarisbrookeShipping123456;User ID=sa;Password=Abcdefg1 At 27/06/2022 13:13:06
Data  Data Source=JIGNESHLIMBANI\MSSQLSERVER2019;Initial Catalog=CarisbrookeShipping123456;User ID=sa;Password=Abcdefg1 At 27/06/2022 13:13:08
Data  Data Source=JIGNESHLIMBANI\MSSQLSERVER2019;Initial Catalog=CarisbrookeShipping123456;User ID=sa;Password=Abcdefg1 At 27/06/2022 13:13:08
Data  Data Source=JIGNESHLIMBANI\MSSQLSERVER2019;Initial Catalog=CarisbrookeShipping123456;User ID=sa;Password=Abcdefg1 At 27/06/2022 13:13:08
Data  Data Source=JIGNESHLIMBANI\MSSQLSERVER2019;Initial Catalog=CarisbrookeShipping123456;User ID=sa;Password=Abcdefg1 At 27/06/2022 13:13:08
Data  Data Source=JIGNESHLIMBANI\MSSQLSERVER2019;Initial Catalog=CarisbrookeShipping123456;User ID=sa;Password=Abcdefg1 At 27/06/2022 13:13:08
Data  Data Source=JIGNESHLIMBANI\MSSQLSERVER2019;Initial Catalog=CarisbrookeShipping123456;User ID=sa;Password=Abcdefg1 At 27/06/2022 13:13:08
Data  Data Source=JIGNESHLIMBANI\MSSQLSERVER2019;Initial Catalog=CarisbrookeShipping123456;User ID=sa;Password=Abcdefg1 At 27/06/2022 13:13:08
Data  Data Source=JIGNESHLIMBANI\MSSQLSERVER2019;Initial Catalog=CarisbrookeShipping123456;User ID=sa;Password=Abcdefg1 At 27/06/2022 13:14:08
getDeficienciesDeletedNumbers :Procedure or function 'SP_Get_GIDeficiencies_OR_SIActionableItems_Number' expects parameter '@Ship', which was not supplied. At 27/06/2022 13:14:08
Data  Data Source=JIGNESHLIMBANI\MSSQLSERVER2019;Initial Catalog=CarisbrookeShipping123456;User ID=sa;Password=Abcdefg1 At 27/06/2022 13:14:25
Data  Data Source=JIGNESHLIMBANI\MSSQLSERVER2019;Initial Catalog=CarisbrookeShipping123456;User ID=sa;Password=Abcdefg1 At 27/06/2022 13:14:25
Data  Data Source=JIGNESHLIMBANI\MSSQLSERVER2019;Initial Catalog=CarisbrookeShipping123456;User ID=sa;Password=Abcdefg1 At 27/06/2022 13:14:25
Data  Data Source=JIGNESHLIMBANI\MSSQLSERVER2019;Initial Catalog=CarisbrookeShipping123456;User ID=sa;Password=Abcdefg1 At 27/06/2022 13:14:25
Data  Data Source=JIGNESHLIMBANI\MSSQLSERVER2019;Initial Catalog=CarisbrookeShipping123456;User ID=sa;Password=Abcdefg1 At 27/06/2022 13:14:25
Data  Data Source=JIGNESHLIMBANI\MSSQLSERVER2019;Initial Catalog=CarisbrookeShipping123456;User ID=sa;Password=Abcdefg1 At 27/06/2022 13:14:25
Data  Data Source=JIGNESHLIMBANI\MSSQLSERVER2019;Initial Catalog=CarisbrookeShipping123456;User ID=sa;Password=Abcdefg1 At 27/06/2022 13:14:25
Data  Data Source=JIGNESHLIMBANI\MSSQLSERVER2019;Initial Catalog=CarisbrookeShipping123456;User ID=sa;Password=Abcdefg1 At 27/06/2022 13:14:25
Data  Data Source=JIGNESHLIMBANI\MSSQLSERVER2019;Initial Catalog=CarisbrookeShipping123456;User ID=sa;Password=Abcdefg1 At 27/06/2022 13:14:25
Data  Data Source=JIGNESHLIMBANI\MSSQLSERVER2019;Initial Catalog=CarisbrookeShipping123456;User ID=sa;Password=Abcdefg1 At 27/06/2022 13:14:25
Data  Data Source=JIGNESHLIMBANI\MSSQLSERVER2019;Initial Catalog=CarisbrookeShipping123456;User ID=sa;Password=Abcdefg1 At 27/06/2022 13:14:25
Data  Data Source=JIGNESHLIMBANI\MSSQLSERVER2019;Initial Catalog=CarisbrookeShipping123456;User ID=sa;Password=Abcdefg1 At 27/06/2022 13:23:25
Data  Data Source=JIGNESHLIMBANI\MSSQLSERVER2019;Initial Catalog=CarisbrookeShipping123456;User ID=sa;Password=Abcdefg1 At 27/06/2022 13:23:25
Data  Data Source=JIGNESHLIMBANI\MSSQLSERVER2019;Initial Catalog=CarisbrookeShipping123456;User ID=sa;Password=Abcdefg1 At 27/06/2022 13:23:25
Data  Data Source=JIGNESHLIMBANI\MSSQLSERVER2019;Initial Catalog=CarisbrookeShipping123456;User ID=sa;Password=Abcdefg1 At 27/06/2022 13:26:07
IsAvailable At 27/06/2022 13:26:07
Data  Data Source=JIGNESHLIMBANI\MSSQLSERVER2019;Initial Catalog=CarisbrookeShipping123456;User ID=sa;Password=Abcdefg1 At 27/06/2022 13:26:07
Data  Data Source=JIGNESHLIMBANI\MSSQLSERVER2019;Initial Catalog=CarisbrookeShipping123456;User ID=sa;Password=Abcdefg1 At 27/06/2022 13:26:07
Data  Data Source=JIGNESHLIMBANI\MSSQLSERVER2019;Initial Catalog=CarisbrookeShipping123456;User ID=sa;Password=Abcdefg1 At 27/06/2022 13:26:07
Data  Data Source=JIGNESHLIMBANI\MSSQLSERVER2019;Initial Catalog=CarisbrookeShipping123456;User ID=sa;Password=Abcdefg1 At 27/06/2022 13:26:07
Data  Data Source=JIGNESHLIMBANI\MSSQLSERVER2019;Initial Catalog=CarisbrookeShipping123456;User ID=sa;Password=Abcdefg1 At 27/06/2022 13:26:15
Data  Data Source=JIGNESHLIMBANI\MSSQLSERVER2019;Initial Catalog=CarisbrookeShipping123456;User ID=sa;Password=Abcdefg1 At 27/06/2022 13:26:15
Data  Data Source=JIGNESHLIMBANI\MSSQLSERVER2019;Initial Catalog=CarisbrookeShipping123456;User ID=sa;Password=Abcdefg1 At 27/06/2022 13:26:33
Data  Data Source=JIGNESHLIMBANI\MSSQLSERVER2019;Initial Catalog=CarisbrookeShipping123456;User ID=sa;Password=Abcdefg1 At 27/06/2022 13:26:37
Data  Data Source=JIGNESHLIMBANI\MSSQLSERVER2019;Initial Catalog=CarisbrookeShipping123456;User ID=sa;Password=Abcdefg1 At 27/06/2022 13:26:38
Data  Data Source=JIGNESHLIMBANI\MSSQLSERVER2019;Initial Catalog=CarisbrookeShipping123456;User ID=sa;Password=Abcdefg1 At 27/06/2022 13:26:40
Data  Data Source=JIGNESHLIMBANI\MSSQLSERVER2019;Initial Catalog=CarisbrookeShipping123456;User ID=sa;Password=Abcdefg1 At 27/06/2022 13:26:40
Data  Data Source=JIGNESHLIMBANI\MSSQLSERVER2019;Initial Catalog=CarisbrookeShipping123456;User ID=sa;Password=Abcdefg1 At 27/06/2022 13:26:42
Data  Data Source=JIGNESHLIMBANI\MSSQLSERVER2019;Initial Catalog=CarisbrookeShipping123456;User ID=sa;Password=Abcdefg1 At 27/06/2022 13:26:45
Data  Data Source=JIGNESHLIMBANI\MSSQLSERVER2019;Initial Catalog=CarisbrookeShipping123456;User ID=sa;Password=Abcdefg1 At 27/06/2022 13:26:45
Data  Data Source=JIGNESHLIMBANI\MSSQLSERVER2019;Initial Catalog=CarisbrookeShipping123456;User ID=sa;Password=Abcdefg1 At 27/06/2022 13:26:49
getDeficienciesDeletedNumbers :Procedure or function 'SP_Get_GIDeficiencies_OR_SIActionableItems_Number' expects parameter '@Ship', which was not supplied. At 27/06/2022 13:26:49
Data  Data Source=JIGNESHLIMBANI\MSSQLSERVER2019;Initial Catalog=CarisbrookeShipping123456;User ID=sa;Password=Abcdefg1 At 27/06/2022 13:26:56
Data  Data Source=JIGNESHLIMBANI\MSSQLSERVER2019;Initial Catalog=CarisbrookeShipping123456;User ID=sa;Password=Abcdefg1 At 27/06/2022 13:26:56
Data  Data Source=JIGNESHLIMBANI\MSSQLSERVER2019;Initial Catalog=CarisbrookeShipping123456;User ID=sa;Password=Abcdefg1 At 27/06/2022 13:26:56
Data  Data Source=JIGNESHLIMBANI\MSSQLSERVER2019;Initial Catalog=CarisbrookeShipping123456;User ID=sa;Password=Abcdefg1 At 27/06/2022 13:26:56
Data  Data Source=JIGNESHLIMBANI\MSSQLSERVER2019;Initial Catalog=CarisbrookeShipping123456;User ID=sa;Password=Abcdefg1 At 27/06/2022 13:26:56
Data  Data Source=JIGNESHLIMBANI\MSSQLSERVER2019;Initial Catalog=CarisbrookeShipping123456;User ID=sa;Password=Abcdefg1 At 27/06/2022 13:26:56
Data  Data Source=JIGNESHLIMBANI\MSSQLSERVER2019;Initial Catalog=CarisbrookeShipping123456;User ID=sa;Password=Abcdefg1 At 27/06/2022 13:26:56
Data  Data Source=JIGNESHLIMBANI\MSSQLSERVER2019;Initial Catalog=CarisbrookeShipping123456;User ID=sa;Password=Abcdefg1 At 27/06/2022 13:26:56
Data  Data Source=JIGNESHLIMBANI\MSSQLSERVER2019;Initial Catalog=CarisbrookeShipping123456;User ID=sa;Password=Abcdefg1 At 27/06/2022 13:26:56
Data  Data Source=JIGNESHLIMBANI\MSSQLSERVER2019;Initial Catalog=CarisbrookeShipping123456;User ID=sa;Password=Abcdefg1 At 27/06/2022 13:26:56
Data  Data Source=JIGNESHLIMBANI\MSSQLSERVER2019;Initial Catalog=CarisbrookeShipping123456;User ID=sa;Password=Abcdefg1 At 27/06/2022 13:26:56
Data  Data Source=JIGNESHLIMBANI\MSSQLSERVER2019;Initial Catalog=CarisbrookeShipping123456;User ID=sa;Password=Abcdefg1 At 27/06/2022 13:27:00
Data  Data Source=JIGNESHLIMBANI\MSSQLSERVER2019;Initial Catalog=CarisbrookeShipping123456;User ID=sa;Password=Abcdefg1 At 27/06/2022 13:27:00
Data  Data Source=JIGNESHLIMBANI\MSSQLSERVER2019;Initial Catalog=CarisbrookeShipping123456;User ID=sa;Password=Abcdefg1 At 27/06/2022 13:27:00
Data  Data Source=JIGNESHLIMBANI\MSSQLSERVER2019;Initial Catalog=CarisbrookeShipping123456;User ID=sa;Password=Abcdefg1 At 27/06/2022 13:28:28
getDeficienciesDeletedNumbers :Procedure or function 'SP_Get_GIDeficiencies_OR_SIActionableItems_Number' expects parameter '@Ship', which was not supplied. At 27/06/2022 13:28:28
Data  Data Source=JIGNESHLIMBANI\MSSQLSERVER2019;Initial Catalog=CarisbrookeShipping123456;User ID=sa;Password=Abcdefg1 At 27/06/2022 13:28:36
Data  Data Source=JIGNESHLIMBANI\MSSQLSERVER2019;Initial Catalog=CarisbrookeShipping123456;User ID=sa;Password=Abcdefg1 At 27/06/2022 13:28:36
Data  Data Source=JIGNESHLIMBANI\MSSQLSERVER2019;Initial Catalog=CarisbrookeShipping123456;User ID=sa;Password=Abcdefg1 At 27/06/2022 13:28:36
Data  Data Source=JIGNESHLIMBANI\MSSQLSERVER2019;Initial Catalog=CarisbrookeShipping123456;User ID=sa;Password=Abcdefg1 At 27/06/2022 13:28:36
Data  Data Source=JIGNESHLIMBANI\MSSQLSERVER2019;Initial Catalog=CarisbrookeShipping123456;User ID=sa;Password=Abcdefg1 At 27/06/2022 13:28:36
Data  Data Source=JIGNESHLIMBANI\MSSQLSERVER2019;Initial Catalog=CarisbrookeShipping123456;User ID=sa;Password=Abcdefg1 At 27/06/2022 13:29:30
Data  Data Source=JIGNESHLIMBANI\MSSQLSERVER2019;Initial Catalog=CarisbrookeShipping123456;User ID=sa;Password=Abcdefg1 At 27/06/2022 13:29:30
Data  Data Source=JIGNESHLIMBANI\MSSQLSERVER2019;Initial Catalog=CarisbrookeShipping123456;User ID=sa;Password=Abcdefg1 At 27/06/2022 13:29:30
Data  Data Source=JIGNESHLIMBANI\MSSQLSERVER2019;Initial Catalog=CarisbrookeShipping123456;User ID=sa;Password=Abcdefg1 At 27/06/2022 13:29:30
Data  Data Source=JIGNESHLIMBANI\MSSQLSERVER2019;Initial Catalog=CarisbrookeShipping123456;User ID=sa;Password=Abcdefg1 At 27/06/2022 13:29:30
Data  Data Source=JIGNESHLIMBANI\MSSQLSERVER2019;Initial Catalog=CarisbrookeShipping123456;User ID=sa;Password=Abcdefg1 At 27/06/2022 13:29:31
Data  Data Source=JIGNESHLIMBANI\MSSQLSERVER2019;Initial Catalog=CarisbrookeShipping123456;User ID=sa;Password=Abcdefg1 At 27/06/2022 13:29:40
Data  Data Source=JIGNESHLIMBANI\MSSQLSERVER2019;Initial Catalog=CarisbrookeShipping123456;User ID=sa;Password=Abcdefg1 At 27/06/2022 13:29:40
Data  Data Source=JIGNESHLIMBANI\MSSQLSERVER2019;Initial Catalog=CarisbrookeShipping123456;User ID=sa;Password=Abcdefg1 At 27/06/2022 13:29:40
Data  Data Source=JIGNESHLIMBANI\MSSQLSERVER2019;Initial Catalog=CarisbrookeShipping123456;User ID=sa;Password=Abcdefg1 At 27/06/2022 13:30:28
Data  Data Source=JIGNESHLIMBANI\MSSQLSERVER2019;Initial Catalog=CarisbrookeShipping123456;User ID=sa;Password=Abcdefg1 At 27/06/2022 13:30:30
GetGIDeficiencies_Local_DB Count: 16 At 27/06/2022 13:30:30
GetGIDeficiencies_Local_DB Port: Test Notification At 27/06/2022 13:30:30
GetGIDeficiencies_Local_DB Port: RG At 27/06/2022 13:30:30
GetGIDeficiencies_Local_DB Port: Passage Douala - Abidjan At 27/06/2022 13:30:30
GetGIDeficiencies_Local_DB Port: Porto Alegre - Vila Do Conde At 27/06/2022 13:30:30
GetGIDeficiencies_Local_DB Port: Marseille (France) At 27/06/2022 13:30:30
GetGIDeficiencies_Local_DB Port: At Sea Las Palmas to Setubal At 27/06/2022 13:30:30
GetGIDeficiencies_Local_DB Port: Houston At 27/06/2022 13:30:30
GetGIDeficiencies_Local_DB Port: Philadelphia At 27/06/2022 13:30:30
GetGIDeficiencies_Local_DB Port: Cardiff At 27/06/2022 13:30:30
GetGIDeficiencies_Local_DB Port: Rio Grande At 27/06/2022 13:30:30
GetGIDeficiencies_Local_DB Port: Hamburg At 27/06/2022 13:30:30
GetGIDeficiencies_Local_DB Port: Ria Grande At 27/06/2022 13:30:30
GetGIDeficiencies_Local_DB Port: Hartlepool At 27/06/2022 13:30:30
GetGIDeficiencies_Local_DB Port: New Orleans At 27/06/2022 13:30:30
GetGIDeficiencies_Local_DB Port: Tilbury At 27/06/2022 13:30:30
GetGIDeficiencies_Local_DB Port: Port of Spain At 27/06/2022 13:30:30
Data  Data Source=JIGNESHLIMBANI\MSSQLSERVER2019;Initial Catalog=CarisbrookeShipping123456;User ID=sa;Password=Abcdefg1 At 27/06/2022 13:30:30
GetGIDeficiencies_Local_DB Count: 16 At 27/06/2022 13:30:30
GetGIDeficiencies_Local_DB Port: Test Notification At 27/06/2022 13:30:30
GetGIDeficiencies_Local_DB Port: RG At 27/06/2022 13:30:30
GetGIDeficiencies_Local_DB Port: Passage Douala - Abidjan At 27/06/2022 13:30:30
GetGIDeficiencies_Local_DB Port: Porto Alegre - Vila Do Conde At 27/06/2022 13:30:30
GetGIDeficiencies_Local_DB Port: Marseille (France) At 27/06/2022 13:30:30
GetGIDeficiencies_Local_DB Port: At Sea Las Palmas to Setubal At 27/06/2022 13:30:30
GetGIDeficiencies_Local_DB Port: Houston At 27/06/2022 13:30:30
GetGIDeficiencies_Local_DB Port: Philadelphia At 27/06/2022 13:30:30
GetGIDeficiencies_Local_DB Port: Cardiff At 27/06/2022 13:30:30
GetGIDeficiencies_Local_DB Port: Rio Grande At 27/06/2022 13:30:30
GetGIDeficiencies_Local_DB Port: Hamburg At 27/06/2022 13:30:30
GetGIDeficiencies_Local_DB Port: Ria Grande At 27/06/2022 13:30:30
GetGIDeficiencies_Local_DB Port: Hartlepool At 27/06/2022 13:30:30
GetGIDeficiencies_Local_DB Port: New Orleans At 27/06/2022 13:30:30
GetGIDeficiencies_Local_DB Port: Tilbury At 27/06/2022 13:30:30
GetGIDeficiencies_Local_DB Port: Port of Spain At 27/06/2022 13:30:30
Data  Data Source=JIGNESHLIMBANI\MSSQLSERVER2019;Initial Catalog=CarisbrookeShipping123456;User ID=sa;Password=Abcdefg1 At 27/06/2022 13:30:30
Data  Data Source=JIGNESHLIMBANI\MSSQLSERVER2019;Initial Catalog=CarisbrookeShipping123456;User ID=sa;Password=Abcdefg1 At 27/06/2022 13:30:36
Data  Data Source=JIGNESHLIMBANI\MSSQLSERVER2019;Initial Catalog=CarisbrookeShipping123456;User ID=sa;Password=Abcdefg1 At 27/06/2022 13:30:36
Data  Data Source=JIGNESHLIMBANI\MSSQLSERVER2019;Initial Catalog=CarisbrookeShipping123456;User ID=sa;Password=Abcdefg1 At 27/06/2022 13:30:38
Data  Data Source=JIGNESHLIMBANI\MSSQLSERVER2019;Initial Catalog=CarisbrookeShipping123456;User ID=sa;Password=Abcdefg1 At 27/06/2022 13:30:38
Data  Data Source=JIGNESHLIMBANI\MSSQLSERVER2019;Initial Catalog=CarisbrookeShipping123456;User ID=sa;Password=Abcdefg1 At 27/06/2022 13:30:38
Data  Data Source=JIGNESHLIMBANI\MSSQLSERVER2019;Initial Catalog=CarisbrookeShipping123456;User ID=sa;Password=Abcdefg1 At 27/06/2022 13:30:40
GetGIDeficiencies_Local_DB Count: 16 At 27/06/2022 13:30:40
GetGIDeficiencies_Local_DB Port: Test Notification At 27/06/2022 13:30:40
GetGIDeficiencies_Local_DB Port: RG At 27/06/2022 13:30:40
GetGIDeficiencies_Local_DB Port: Passage Douala - Abidjan At 27/06/2022 13:30:40
GetGIDeficiencies_Local_DB Port: Porto Alegre - Vila Do Conde At 27/06/2022 13:30:40
GetGIDeficiencies_Local_DB Port: Marseille (France) At 27/06/2022 13:30:40
GetGIDeficiencies_Local_DB Port: At Sea Las Palmas to Setubal At 27/06/2022 13:30:40
GetGIDeficiencies_Local_DB Port: Houston At 27/06/2022 13:30:40
GetGIDeficiencies_Local_DB Port: Philadelphia At 27/06/2022 13:30:40
GetGIDeficiencies_Local_DB Port: Cardiff At 27/06/2022 13:30:40
GetGIDeficiencies_Local_DB Port: Rio Grande At 27/06/2022 13:30:40
GetGIDeficiencies_Local_DB Port: Hamburg At 27/06/2022 13:30:40
GetGIDeficiencies_Local_DB Port: Ria Grande At 27/06/2022 13:30:40
GetGIDeficiencies_Local_DB Port: Hartlepool At 27/06/2022 13:30:40
GetGIDeficiencies_Local_DB Port: New Orleans At 27/06/2022 13:30:40
GetGIDeficiencies_Local_DB Port: Tilbury At 27/06/2022 13:30:40
GetGIDeficiencies_Local_DB Port: Port of Spain At 27/06/2022 13:30:40
Data  Data Source=JIGNESHLIMBANI\MSSQLSERVER2019;Initial Catalog=CarisbrookeShipping123456;User ID=sa;Password=Abcdefg1 At 27/06/2022 13:30:40
GetGIDeficiencies_Local_DB Count: 16 At 27/06/2022 13:30:40
GetGIDeficiencies_Local_DB Port: Test Notification At 27/06/2022 13:30:40
GetGIDeficiencies_Local_DB Port: RG At 27/06/2022 13:30:40
GetGIDeficiencies_Local_DB Port: Passage Douala - Abidjan At 27/06/2022 13:30:40
GetGIDeficiencies_Local_DB Port: Porto Alegre - Vila Do Conde At 27/06/2022 13:30:40
GetGIDeficiencies_Local_DB Port: Marseille (France) At 27/06/2022 13:30:40
GetGIDeficiencies_Local_DB Port: At Sea Las Palmas to Setubal At 27/06/2022 13:30:40
GetGIDeficiencies_Local_DB Port: Houston At 27/06/2022 13:30:40
GetGIDeficiencies_Local_DB Port: Philadelphia At 27/06/2022 13:30:40
GetGIDeficiencies_Local_DB Port: Cardiff At 27/06/2022 13:30:40
GetGIDeficiencies_Local_DB Port: Rio Grande At 27/06/2022 13:30:40
GetGIDeficiencies_Local_DB Port: Hamburg At 27/06/2022 13:30:40
GetGIDeficiencies_Local_DB Port: Ria Grande At 27/06/2022 13:30:40
GetGIDeficiencies_Local_DB Port: Hartlepool At 27/06/2022 13:30:40
GetGIDeficiencies_Local_DB Port: New Orleans At 27/06/2022 13:30:40
GetGIDeficiencies_Local_DB Port: Tilbury At 27/06/2022 13:30:40
GetGIDeficiencies_Local_DB Port: Port of Spain At 27/06/2022 13:30:40
Data  Data Source=JIGNESHLIMBANI\MSSQLSERVER2019;Initial Catalog=CarisbrookeShipping123456;User ID=sa;Password=Abcdefg1 At 27/06/2022 13:30:40
Data  Data Source=JIGNESHLIMBANI\MSSQLSERVER2019;Initial Catalog=CarisbrookeShipping123456;User ID=sa;Password=Abcdefg1 At 27/06/2022 13:30:42
Data  Data Source=JIGNESHLIMBANI\MSSQLSERVER2019;Initial Catalog=CarisbrookeShipping123456;User ID=sa;Password=Abcdefg1 At 27/06/2022 13:30:42
Data  Data Source=JIGNESHLIMBANI\MSSQLSERVER2019;Initial Catalog=CarisbrookeShipping123456;User ID=sa;Password=Abcdefg1 At 27/06/2022 13:33:46
Data  Data Source=JIGNESHLIMBANI\MSSQLSERVER2019;Initial Catalog=CarisbrookeShipping123456;User ID=sa;Password=Abcdefg1 At 27/06/2022 13:33:48
GetGIDeficiencies_Local_DB Count: 16 At 27/06/2022 13:33:49
GetGIDeficiencies_Local_DB Port: Test Notification At 27/06/2022 13:33:49
GetGIDeficiencies_Local_DB Port: RG At 27/06/2022 13:33:49
GetGIDeficiencies_Local_DB Port: Passage Douala - Abidjan At 27/06/2022 13:33:49
GetGIDeficiencies_Local_DB Port: Porto Alegre - Vila Do Conde At 27/06/2022 13:33:49
GetGIDeficiencies_Local_DB Port: Marseille (France) At 27/06/2022 13:33:49
GetGIDeficiencies_Local_DB Port: At Sea Las Palmas to Setubal At 27/06/2022 13:33:49
GetGIDeficiencies_Local_DB Port: Houston At 27/06/2022 13:33:49
GetGIDeficiencies_Local_DB Port: Philadelphia At 27/06/2022 13:33:49
GetGIDeficiencies_Local_DB Port: Cardiff At 27/06/2022 13:33:49
GetGIDeficiencies_Local_DB Port: Rio Grande At 27/06/2022 13:33:49
GetGIDeficiencies_Local_DB Port: Hamburg At 27/06/2022 13:33:49
GetGIDeficiencies_Local_DB Port: Ria Grande At 27/06/2022 13:33:49
GetGIDeficiencies_Local_DB Port: Hartlepool At 27/06/2022 13:33:49
GetGIDeficiencies_Local_DB Port: New Orleans At 27/06/2022 13:33:49
GetGIDeficiencies_Local_DB Port: Tilbury At 27/06/2022 13:33:49
GetGIDeficiencies_Local_DB Port: Port of Spain At 27/06/2022 13:33:49
Data  Data Source=JIGNESHLIMBANI\MSSQLSERVER2019;Initial Catalog=CarisbrookeShipping123456;User ID=sa;Password=Abcdefg1 At 27/06/2022 13:33:49
GetGIDeficiencies_Local_DB Count: 16 At 27/06/2022 13:33:49
GetGIDeficiencies_Local_DB Port: Test Notification At 27/06/2022 13:33:49
GetGIDeficiencies_Local_DB Port: RG At 27/06/2022 13:33:49
GetGIDeficiencies_Local_DB Port: Passage Douala - Abidjan At 27/06/2022 13:33:49
GetGIDeficiencies_Local_DB Port: Porto Alegre - Vila Do Conde At 27/06/2022 13:33:49
GetGIDeficiencies_Local_DB Port: Marseille (France) At 27/06/2022 13:33:49
GetGIDeficiencies_Local_DB Port: At Sea Las Palmas to Setubal At 27/06/2022 13:33:49
GetGIDeficiencies_Local_DB Port: Houston At 27/06/2022 13:33:49
GetGIDeficiencies_Local_DB Port: Philadelphia At 27/06/2022 13:33:49
GetGIDeficiencies_Local_DB Port: Cardiff At 27/06/2022 13:33:49
GetGIDeficiencies_Local_DB Port: Rio Grande At 27/06/2022 13:33:49
GetGIDeficiencies_Local_DB Port: Hamburg At 27/06/2022 13:33:49
GetGIDeficiencies_Local_DB Port: Ria Grande At 27/06/2022 13:33:49
GetGIDeficiencies_Local_DB Port: Hartlepool At 27/06/2022 13:33:49
GetGIDeficiencies_Local_DB Port: New Orleans At 27/06/2022 13:33:49
GetGIDeficiencies_Local_DB Port: Tilbury At 27/06/2022 13:33:49
GetGIDeficiencies_Local_DB Port: Port of Spain At 27/06/2022 13:33:49
Data  Data Source=JIGNESHLIMBANI\MSSQLSERVER2019;Initial Catalog=CarisbrookeShipping123456;User ID=sa;Password=Abcdefg1 At 27/06/2022 13:33:49
Data  Data Source=JIGNESHLIMBANI\MSSQLSERVER2019;Initial Catalog=CarisbrookeShipping123456;User ID=sa;Password=Abcdefg1 At 27/06/2022 13:33:58
Data  Data Source=JIGNESHLIMBANI\MSSQLSERVER2019;Initial Catalog=CarisbrookeShipping123456;User ID=sa;Password=Abcdefg1 At 27/06/2022 13:33:59
Data  Data Source=JIGNESHLIMBANI\MSSQLSERVER2019;Initial Catalog=CarisbrookeShipping123456;User ID=sa;Password=Abcdefg1 At 27/06/2022 13:33:59
Data  Data Source=JIGNESHLIMBANI\MSSQLSERVER2019;Initial Catalog=CarisbrookeShipping123456;User ID=sa;Password=Abcdefg1 At 27/06/2022 13:34:05
Data  Data Source=JIGNESHLIMBANI\MSSQLSERVER2019;Initial Catalog=CarisbrookeShipping123456;User ID=sa;Password=Abcdefg1 At 27/06/2022 13:34:05
Data  Data Source=JIGNESHLIMBANI\MSSQLSERVER2019;Initial Catalog=CarisbrookeShipping123456;User ID=sa;Password=Abcdefg1 At 27/06/2022 13:34:16
Data  Data Source=JIGNESHLIMBANI\MSSQLSERVER2019;Initial Catalog=CarisbrookeShipping123456;User ID=sa;Password=Abcdefg1 At 27/06/2022 13:34:17
Data  Data Source=JIGNESHLIMBANI\MSSQLSERVER2019;Initial Catalog=CarisbrookeShipping123456;User ID=sa;Password=Abcdefg1 At 27/06/2022 13:34:17
Data  Data Source=JIGNESHLIMBANI\MSSQLSERVER2019;Initial Catalog=CarisbrookeShipping123456;User ID=sa;Password=Abcdefg1 At 27/06/2022 13:35:36
Data  Data Source=JIGNESHLIMBANI\MSSQLSERVER2019;Initial Catalog=CarisbrookeShipping123456;User ID=sa;Password=Abcdefg1 At 27/06/2022 13:35:37
GetGIDeficiencies_Local_DB Count: 16 At 27/06/2022 13:35:37
GetGIDeficiencies_Local_DB Port: Test Notification At 27/06/2022 13:35:37
GetGIDeficiencies_Local_DB Port: RG At 27/06/2022 13:35:37
GetGIDeficiencies_Local_DB Port: Passage Douala - Abidjan At 27/06/2022 13:35:37
GetGIDeficiencies_Local_DB Port: Porto Alegre - Vila Do Conde At 27/06/2022 13:35:37
GetGIDeficiencies_Local_DB Port: Marseille (France) At 27/06/2022 13:35:37
GetGIDeficiencies_Local_DB Port: At Sea Las Palmas to Setubal At 27/06/2022 13:35:37
GetGIDeficiencies_Local_DB Port: Houston At 27/06/2022 13:35:37
GetGIDeficiencies_Local_DB Port: Philadelphia At 27/06/2022 13:35:37
GetGIDeficiencies_Local_DB Port: Cardiff At 27/06/2022 13:35:37
GetGIDeficiencies_Local_DB Port: Rio Grande At 27/06/2022 13:35:37
GetGIDeficiencies_Local_DB Port: Hamburg At 27/06/2022 13:35:37
GetGIDeficiencies_Local_DB Port: Ria Grande At 27/06/2022 13:35:37
GetGIDeficiencies_Local_DB Port: Hartlepool At 27/06/2022 13:35:37
GetGIDeficiencies_Local_DB Port: New Orleans At 27/06/2022 13:35:37
GetGIDeficiencies_Local_DB Port: Tilbury At 27/06/2022 13:35:37
GetGIDeficiencies_Local_DB Port: Port of Spain At 27/06/2022 13:35:37
Data  Data Source=JIGNESHLIMBANI\MSSQLSERVER2019;Initial Catalog=CarisbrookeShipping123456;User ID=sa;Password=Abcdefg1 At 27/06/2022 13:35:37
GetGIDeficiencies_Local_DB Count: 16 At 27/06/2022 13:35:37
GetGIDeficiencies_Local_DB Port: Test Notification At 27/06/2022 13:35:37
GetGIDeficiencies_Local_DB Port: RG At 27/06/2022 13:35:37
GetGIDeficiencies_Local_DB Port: Passage Douala - Abidjan At 27/06/2022 13:35:37
GetGIDeficiencies_Local_DB Port: Porto Alegre - Vila Do Conde At 27/06/2022 13:35:37
GetGIDeficiencies_Local_DB Port: Marseille (France) At 27/06/2022 13:35:37
GetGIDeficiencies_Local_DB Port: At Sea Las Palmas to Setubal At 27/06/2022 13:35:37
GetGIDeficiencies_Local_DB Port: Houston At 27/06/2022 13:35:37
GetGIDeficiencies_Local_DB Port: Philadelphia At 27/06/2022 13:35:37
GetGIDeficiencies_Local_DB Port: Cardiff At 27/06/2022 13:35:37
GetGIDeficiencies_Local_DB Port: Rio Grande At 27/06/2022 13:35:37
GetGIDeficiencies_Local_DB Port: Hamburg At 27/06/2022 13:35:37
GetGIDeficiencies_Local_DB Port: Ria Grande At 27/06/2022 13:35:37
GetGIDeficiencies_Local_DB Port: Hartlepool At 27/06/2022 13:35:37
GetGIDeficiencies_Local_DB Port: New Orleans At 27/06/2022 13:35:37
GetGIDeficiencies_Local_DB Port: Tilbury At 27/06/2022 13:35:37
GetGIDeficiencies_Local_DB Port: Port of Spain At 27/06/2022 13:35:37
Data  Data Source=JIGNESHLIMBANI\MSSQLSERVER2019;Initial Catalog=CarisbrookeShipping123456;User ID=sa;Password=Abcdefg1 At 27/06/2022 13:35:37
Data  Data Source=JIGNESHLIMBANI\MSSQLSERVER2019;Initial Catalog=CarisbrookeShipping123456;User ID=sa;Password=Abcdefg1 At 27/06/2022 13:35:47
Data  Data Source=JIGNESHLIMBANI\MSSQLSERVER2019;Initial Catalog=CarisbrookeShipping123456;User ID=sa;Password=Abcdefg1 At 27/06/2022 13:36:08
Data  Data Source=JIGNESHLIMBANI\MSSQLSERVER2019;Initial Catalog=CarisbrookeShipping123456;User ID=sa;Password=Abcdefg1 At 27/06/2022 13:36:08
Data  Data Source=JIGNESHLIMBANI\MSSQLSERVER2019;Initial Catalog=CarisbrookeShipping123456;User ID=sa;Password=Abcdefg1 At 27/06/2022 13:36:08
Data  Data Source=JIGNESHLIMBANI\MSSQLSERVER2019;Initial Catalog=CarisbrookeShipping123456;User ID=sa;Password=Abcdefg1 At 27/06/2022 13:36:09
Data  Data Source=JIGNESHLIMBANI\MSSQLSERVER2019;Initial Catalog=CarisbrookeShipping123456;User ID=sa;Password=Abcdefg1 At 27/06/2022 13:36:09
Data  Data Source=JIGNESHLIMBANI\MSSQLSERVER2019;Initial Catalog=CarisbrookeShipping123456;User ID=sa;Password=Abcdefg1 At 27/06/2022 13:44:17
IsAvailable At 27/06/2022 13:44:17
Data  Data Source=JIGNESHLIMBANI\MSSQLSERVER2019;Initial Catalog=CarisbrookeShipping123456;User ID=sa;Password=Abcdefg1 At 27/06/2022 13:44:17
Data  Data Source=JIGNESHLIMBANI\MSSQLSERVER2019;Initial Catalog=CarisbrookeShipping123456;User ID=sa;Password=Abcdefg1 At 27/06/2022 13:44:17
Data  Data Source=JIGNESHLIMBANI\MSSQLSERVER2019;Initial Catalog=CarisbrookeShipping123456;User ID=sa;Password=Abcdefg1 At 27/06/2022 13:44:17
Data  Data Source=JIGNESHLIMBANI\MSSQLSERVER2019;Initial Catalog=CarisbrookeShipping123456;User ID=sa;Password=Abcdefg1 At 27/06/2022 13:44:17
Data  Data Source=JIGNESHLIMBANI\MSSQLSERVER2019;Initial Catalog=CarisbrookeShipping123456;User ID=sa;Password=Abcdefg1 At 27/06/2022 13:44:26
Data  Data Source=JIGNESHLIMBANI\MSSQLSERVER2019;Initial Catalog=CarisbrookeShipping123456;User ID=sa;Password=Abcdefg1 At 27/06/2022 13:44:26
Data  Data Source=JIGNESHLIMBANI\MSSQLSERVER2019;Initial Catalog=CarisbrookeShipping123456;User ID=sa;Password=Abcdefg1 At 27/06/2022 13:44:34
Data  Data Source=JIGNESHLIMBANI\MSSQLSERVER2019;Initial Catalog=CarisbrookeShipping123456;User ID=sa;Password=Abcdefg1 At 27/06/2022 13:44:37
Data  Data Source=JIGNESHLIMBANI\MSSQLSERVER2019;Initial Catalog=CarisbrookeShipping123456;User ID=sa;Password=Abcdefg1 At 27/06/2022 13:44:39
Data  Data Source=JIGNESHLIMBANI\MSSQLSERVER2019;Initial Catalog=CarisbrookeShipping123456;User ID=sa;Password=Abcdefg1 At 27/06/2022 13:44:40
Data  Data Source=JIGNESHLIMBANI\MSSQLSERVER2019;Initial Catalog=CarisbrookeShipping123456;User ID=sa;Password=Abcdefg1 At 27/06/2022 13:44:40
Data  Data Source=JIGNESHLIMBANI\MSSQLSERVER2019;Initial Catalog=CarisbrookeShipping123456;User ID=sa;Password=Abcdefg1 At 27/06/2022 13:44:43
Data  Data Source=JIGNESHLIMBANI\MSSQLSERVER2019;Initial Catalog=CarisbrookeShipping123456;User ID=sa;Password=Abcdefg1 At 27/06/2022 13:44:51
Data  Data Source=JIGNESHLIMBANI\MSSQLSERVER2019;Initial Catalog=CarisbrookeShipping123456;User ID=sa;Password=Abcdefg1 At 27/06/2022 13:44:51
Data  Data Source=JIGNESHLIMBANI\MSSQLSERVER2019;Initial Catalog=CarisbrookeShipping123456;User ID=sa;Password=Abcdefg1 At 27/06/2022 13:44:55
getDeficienciesDeletedNumbers :Procedure or function 'SP_Get_GIDeficiencies_OR_SIActionableItems_Number' expects parameter '@Ship', which was not supplied. At 27/06/2022 13:44:55
Data  Data Source=JIGNESHLIMBANI\MSSQLSERVER2019;Initial Catalog=CarisbrookeShipping123456;User ID=sa;Password=Abcdefg1 At 27/06/2022 13:45:35
Data  Data Source=JIGNESHLIMBANI\MSSQLSERVER2019;Initial Catalog=CarisbrookeShipping123456;User ID=sa;Password=Abcdefg1 At 27/06/2022 13:45:35
Data  Data Source=JIGNESHLIMBANI\MSSQLSERVER2019;Initial Catalog=CarisbrookeShipping123456;User ID=sa;Password=Abcdefg1 At 27/06/2022 13:45:35
Data  Data Source=JIGNESHLIMBANI\MSSQLSERVER2019;Initial Catalog=CarisbrookeShipping123456;User ID=sa;Password=Abcdefg1 At 27/06/2022 13:45:35
Data  Data Source=JIGNESHLIMBANI\MSSQLSERVER2019;Initial Catalog=CarisbrookeShipping123456;User ID=sa;Password=Abcdefg1 At 27/06/2022 13:45:35
Data  Data Source=JIGNESHLIMBANI\MSSQLSERVER2019;Initial Catalog=CarisbrookeShipping123456;User ID=sa;Password=Abcdefg1 At 27/06/2022 13:45:35
Data  Data Source=JIGNESHLIMBANI\MSSQLSERVER2019;Initial Catalog=CarisbrookeShipping123456;User ID=sa;Password=Abcdefg1 At 27/06/2022 13:45:35
Data  Data Source=JIGNESHLIMBANI\MSSQLSERVER2019;Initial Catalog=CarisbrookeShipping123456;User ID=sa;Password=Abcdefg1 At 27/06/2022 13:45:35
Data  Data Source=JIGNESHLIMBANI\MSSQLSERVER2019;Initial Catalog=CarisbrookeShipping123456;User ID=sa;Password=Abcdefg1 At 27/06/2022 13:45:35
Data  Data Source=JIGNESHLIMBANI\MSSQLSERVER2019;Initial Catalog=CarisbrookeShipping123456;User ID=sa;Password=Abcdefg1 At 27/06/2022 13:45:35
Data  Data Source=JIGNESHLIMBANI\MSSQLSERVER2019;Initial Catalog=CarisbrookeShipping123456;User ID=sa;Password=Abcdefg1 At 27/06/2022 13:45:35
Data  Data Source=JIGNESHLIMBANI\MSSQLSERVER2019;Initial Catalog=CarisbrookeShipping123456;User ID=sa;Password=Abcdefg1 At 27/06/2022 13:57:26
IsAvailable At 27/06/2022 13:57:26
Data  Data Source=JIGNESHLIMBANI\MSSQLSERVER2019;Initial Catalog=CarisbrookeShipping123456;User ID=sa;Password=Abcdefg1 At 27/06/2022 13:57:26
Data  Data Source=JIGNESHLIMBANI\MSSQLSERVER2019;Initial Catalog=CarisbrookeShipping123456;User ID=sa;Password=Abcdefg1 At 27/06/2022 13:57:26
Data  Data Source=JIGNESHLIMBANI\MSSQLSERVER2019;Initial Catalog=CarisbrookeShipping123456;User ID=sa;Password=Abcdefg1 At 27/06/2022 13:57:26
Data  Data Source=JIGNESHLIMBANI\MSSQLSERVER2019;Initial Catalog=CarisbrookeShipping123456;User ID=sa;Password=Abcdefg1 At 27/06/2022 13:57:26
Data  Data Source=JIGNESHLIMBANI\MSSQLSERVER2019;Initial Catalog=CarisbrookeShipping123456;User ID=sa;Password=Abcdefg1 At 27/06/2022 13:57:35
Data  Data Source=JIGNESHLIMBANI\MSSQLSERVER2019;Initial Catalog=CarisbrookeShipping123456;User ID=sa;Password=Abcdefg1 At 27/06/2022 13:57:35
Data  Data Source=JIGNESHLIMBANI\MSSQLSERVER2019;Initial Catalog=CarisbrookeShipping123456;User ID=sa;Password=Abcdefg1 At 27/06/2022 13:57:37
Data  Data Source=JIGNESHLIMBANI\MSSQLSERVER2019;Initial Catalog=CarisbrookeShipping123456;User ID=sa;Password=Abcdefg1 At 27/06/2022 13:57:37
Data  Data Source=JIGNESHLIMBANI\MSSQLSERVER2019;Initial Catalog=CarisbrookeShipping123456;User ID=sa;Password=Abcdefg1 At 27/06/2022 13:57:44
Data  Data Source=JIGNESHLIMBANI\MSSQLSERVER2019;Initial Catalog=CarisbrookeShipping123456;User ID=sa;Password=Abcdefg1 At 27/06/2022 13:57:59
Data  Data Source=JIGNESHLIMBANI\MSSQLSERVER2019;Initial Catalog=CarisbrookeShipping123456;User ID=sa;Password=Abcdefg1 At 27/06/2022 13:58:00
Data  Data Source=JIGNESHLIMBANI\MSSQLSERVER2019;Initial Catalog=CarisbrookeShipping123456;User ID=sa;Password=Abcdefg1 At 27/06/2022 13:58:07
Data  Data Source=JIGNESHLIMBANI\MSSQLSERVER2019;Initial Catalog=CarisbrookeShipping123456;User ID=sa;Password=Abcdefg1 At 27/06/2022 13:58:08
Data  Data Source=JIGNESHLIMBANI\MSSQLSERVER2019;Initial Catalog=CarisbrookeShipping123456;User ID=sa;Password=Abcdefg1 At 27/06/2022 13:58:10
Data  Data Source=JIGNESHLIMBANI\MSSQLSERVER2019;Initial Catalog=CarisbrookeShipping123456;User ID=sa;Password=Abcdefg1 At 27/06/2022 13:58:12
Data  Data Source=JIGNESHLIMBANI\MSSQLSERVER2019;Initial Catalog=CarisbrookeShipping123456;User ID=sa;Password=Abcdefg1 At 27/06/2022 13:58:12
Data  Data Source=JIGNESHLIMBANI\MSSQLSERVER2019;Initial Catalog=CarisbrookeShipping123456;User ID=sa;Password=Abcdefg1 At 27/06/2022 13:58:14
Data  Data Source=JIGNESHLIMBANI\MSSQLSERVER2019;Initial Catalog=CarisbrookeShipping123456;User ID=sa;Password=Abcdefg1 At 27/06/2022 13:58:30
Data  Data Source=JIGNESHLIMBANI\MSSQLSERVER2019;Initial Catalog=CarisbrookeShipping123456;User ID=sa;Password=Abcdefg1 At 27/06/2022 13:58:31
Data  Data Source=JIGNESHLIMBANI\MSSQLSERVER2019;Initial Catalog=CarisbrookeShipping123456;User ID=sa;Password=Abcdefg1 At 27/06/2022 13:58:35
getDeficienciesDeletedNumbers :Procedure or function 'SP_Get_GIDeficiencies_OR_SIActionableItems_Number' expects parameter '@Ship', which was not supplied. At 27/06/2022 13:58:35
Data  Data Source=JIGNESHLIMBANI\MSSQLSERVER2019;Initial Catalog=CarisbrookeShipping123456;User ID=sa;Password=Abcdefg1 At 27/06/2022 13:58:46
Data  Data Source=JIGNESHLIMBANI\MSSQLSERVER2019;Initial Catalog=CarisbrookeShipping123456;User ID=sa;Password=Abcdefg1 At 27/06/2022 13:58:46
Data  Data Source=JIGNESHLIMBANI\MSSQLSERVER2019;Initial Catalog=CarisbrookeShipping123456;User ID=sa;Password=Abcdefg1 At 27/06/2022 13:58:46
Data  Data Source=JIGNESHLIMBANI\MSSQLSERVER2019;Initial Catalog=CarisbrookeShipping123456;User ID=sa;Password=Abcdefg1 At 27/06/2022 13:58:46
Data  Data Source=JIGNESHLIMBANI\MSSQLSERVER2019;Initial Catalog=CarisbrookeShipping123456;User ID=sa;Password=Abcdefg1 At 27/06/2022 13:58:47
Data  Data Source=JIGNESHLIMBANI\MSSQLSERVER2019;Initial Catalog=CarisbrookeShipping123456;User ID=sa;Password=Abcdefg1 At 27/06/2022 13:58:47
Data  Data Source=JIGNESHLIMBANI\MSSQLSERVER2019;Initial Catalog=CarisbrookeShipping123456;User ID=sa;Password=Abcdefg1 At 27/06/2022 13:58:47
Data  Data Source=JIGNESHLIMBANI\MSSQLSERVER2019;Initial Catalog=CarisbrookeShipping123456;User ID=sa;Password=Abcdefg1 At 27/06/2022 13:58:47
Data  Data Source=JIGNESHLIMBANI\MSSQLSERVER2019;Initial Catalog=CarisbrookeShipping123456;User ID=sa;Password=Abcdefg1 At 27/06/2022 13:58:47
Data  Data Source=JIGNESHLIMBANI\MSSQLSERVER2019;Initial Catalog=CarisbrookeShipping123456;User ID=sa;Password=Abcdefg1 At 27/06/2022 13:58:47
Data  Data Source=JIGNESHLIMBANI\MSSQLSERVER2019;Initial Catalog=CarisbrookeShipping123456;User ID=sa;Password=Abcdefg1 At 27/06/2022 13:58:47
Data  Data Source=JIGNESHLIMBANI\MSSQLSERVER2019;Initial Catalog=CarisbrookeShipping123456;User ID=sa;Password=Abcdefg1 At 27/06/2022 13:59:00
Data  Data Source=JIGNESHLIMBANI\MSSQLSERVER2019;Initial Catalog=CarisbrookeShipping123456;User ID=sa;Password=Abcdefg1 At 27/06/2022 13:59:00
Data  Data Source=JIGNESHLIMBANI\MSSQLSERVER2019;Initial Catalog=CarisbrookeShipping123456;User ID=sa;Password=Abcdefg1 At 27/06/2022 13:59:00
