Data  Data Source=JIGNESHLIMBANI\MSSQLSERVER2019;Initial Catalog=CarisbrookeShipping123456;User ID=sa;Password=Abcdefg1 At 28/09/2022 10:30:10
IsAvailable At 28/09/2022 10:30:10
Data  Data Source=JIGNESHLIMBANI\MSSQLSERVER2019;Initial Catalog=CarisbrookeShipping123456;User ID=sa;Password=Abcdefg1 At 28/09/2022 10:30:10
Data  Data Source=JIGNESHLIMBANI\MSSQLSERVER2019;Initial Catalog=CarisbrookeShipping123456;User ID=sa;Password=Abcdefg1 At 28/09/2022 10:30:10
Data  Data Source=JIGNESHLIMBANI\MSSQLSERVER2019;Initial Catalog=CarisbrookeShipping123456;User ID=sa;Password=Abcdefg1 At 28/09/2022 10:30:10
Data  Data Source=JIGNESHLIMBANI\MSSQLSERVER2019;Initial Catalog=CarisbrookeShipping123456;User ID=sa;Password=Abcdefg1 At 28/09/2022 10:30:10
Data  Data Source=JIGNESHLIMBANI\MSSQLSERVER2019;Initial Catalog=CarisbrookeShipping123456;User ID=sa;Password=Abcdefg1 At 28/09/2022 10:30:21
Data  Data Source=JIGNESHLIMBANI\MSSQLSERVER2019;Initial Catalog=CarisbrookeShipping123456;User ID=sa;Password=Abcdefg1 At 28/09/2022 10:30:21
Data  Data Source=JIGNESHLIMBANI\MSSQLSERVER2019;Initial Catalog=CarisbrookeShipping123456;User ID=sa;Password=Abcdefg1 At 28/09/2022 10:30:24
Data  Data Source=JIGNESHLIMBANI\MSSQLSERVER2019;Initial Catalog=CarisbrookeShipping123456;User ID=sa;Password=Abcdefg1 At 28/09/2022 10:30:26
GetGIDeficiencies_Local_DB Count: 16 At 28/09/2022 10:30:26
GetGIDeficiencies_Local_DB Port: Test Notification At 28/09/2022 10:30:26
GetGIDeficiencies_Local_DB Port: RG At 28/09/2022 10:30:26
GetGIDeficiencies_Local_DB Port: Passage Douala - Abidjan At 28/09/2022 10:30:26
GetGIDeficiencies_Local_DB Port: Porto Alegre - Vila Do Conde At 28/09/2022 10:30:26
GetGIDeficiencies_Local_DB Port: Marseille (France) At 28/09/2022 10:30:26
GetGIDeficiencies_Local_DB Port: At Sea Las Palmas to Setubal At 28/09/2022 10:30:26
GetGIDeficiencies_Local_DB Port: Houston At 28/09/2022 10:30:26
GetGIDeficiencies_Local_DB Port: Philadelphia At 28/09/2022 10:30:26
GetGIDeficiencies_Local_DB Port: Cardiff At 28/09/2022 10:30:26
GetGIDeficiencies_Local_DB Port: Rio Grande At 28/09/2022 10:30:26
GetGIDeficiencies_Local_DB Port: Hamburg At 28/09/2022 10:30:26
GetGIDeficiencies_Local_DB Port: Ria Grande At 28/09/2022 10:30:26
GetGIDeficiencies_Local_DB Port: Hartlepool At 28/09/2022 10:30:26
GetGIDeficiencies_Local_DB Port: New Orleans At 28/09/2022 10:30:26
GetGIDeficiencies_Local_DB Port: Tilbury At 28/09/2022 10:30:26
GetGIDeficiencies_Local_DB Port: Port of Spain At 28/09/2022 10:30:26
Data  Data Source=JIGNESHLIMBANI\MSSQLSERVER2019;Initial Catalog=CarisbrookeShipping123456;User ID=sa;Password=Abcdefg1 At 28/09/2022 10:30:26
GetGIDeficiencies_Local_DB Count: 16 At 28/09/2022 10:30:26
GetGIDeficiencies_Local_DB Port: Test Notification At 28/09/2022 10:30:26
GetGIDeficiencies_Local_DB Port: RG At 28/09/2022 10:30:26
GetGIDeficiencies_Local_DB Port: Passage Douala - Abidjan At 28/09/2022 10:30:26
GetGIDeficiencies_Local_DB Port: Porto Alegre - Vila Do Conde At 28/09/2022 10:30:26
GetGIDeficiencies_Local_DB Port: Marseille (France) At 28/09/2022 10:30:26
GetGIDeficiencies_Local_DB Port: At Sea Las Palmas to Setubal At 28/09/2022 10:30:26
GetGIDeficiencies_Local_DB Port: Houston At 28/09/2022 10:30:26
GetGIDeficiencies_Local_DB Port: Philadelphia At 28/09/2022 10:30:26
GetGIDeficiencies_Local_DB Port: Cardiff At 28/09/2022 10:30:26
GetGIDeficiencies_Local_DB Port: Rio Grande At 28/09/2022 10:30:26
GetGIDeficiencies_Local_DB Port: Hamburg At 28/09/2022 10:30:26
GetGIDeficiencies_Local_DB Port: Ria Grande At 28/09/2022 10:30:26
GetGIDeficiencies_Local_DB Port: Hartlepool At 28/09/2022 10:30:26
GetGIDeficiencies_Local_DB Port: New Orleans At 28/09/2022 10:30:26
GetGIDeficiencies_Local_DB Port: Tilbury At 28/09/2022 10:30:26
GetGIDeficiencies_Local_DB Port: Port of Spain At 28/09/2022 10:30:26
Data  Data Source=JIGNESHLIMBANI\MSSQLSERVER2019;Initial Catalog=CarisbrookeShipping123456;User ID=sa;Password=Abcdefg1 At 28/09/2022 10:30:26
Data  Data Source=JIGNESHLIMBANI\MSSQLSERVER2019;Initial Catalog=CarisbrookeShipping123456;User ID=sa;Password=Abcdefg1 At 28/09/2022 10:30:29
Data  Data Source=JIGNESHLIMBANI\MSSQLSERVER2019;Initial Catalog=CarisbrookeShipping123456;User ID=sa;Password=Abcdefg1 At 28/09/2022 10:30:32
Data  Data Source=JIGNESHLIMBANI\MSSQLSERVER2019;Initial Catalog=CarisbrookeShipping123456;User ID=sa;Password=Abcdefg1 At 28/09/2022 10:30:32
Data  Data Source=JIGNESHLIMBANI\MSSQLSERVER2019;Initial Catalog=CarisbrookeShipping123456;User ID=sa;Password=Abcdefg1 At 28/09/2022 10:30:32
Data  Data Source=JIGNESHLIMBANI\MSSQLSERVER2019;Initial Catalog=CarisbrookeShipping123456;User ID=sa;Password=Abcdefg1 At 28/09/2022 10:30:33
Data  Data Source=JIGNESHLIMBANI\MSSQLSERVER2019;Initial Catalog=CarisbrookeShipping123456;User ID=sa;Password=Abcdefg1 At 28/09/2022 10:30:34
Data  Data Source=JIGNESHLIMBANI\MSSQLSERVER2019;Initial Catalog=CarisbrookeShipping123456;User ID=sa;Password=Abcdefg1 At 28/09/2022 10:30:34
Data  Data Source=JIGNESHLIMBANI\MSSQLSERVER2019;Initial Catalog=CarisbrookeShipping123456;User ID=sa;Password=Abcdefg1 At 28/09/2022 10:30:34
Data  Data Source=JIGNESHLIMBANI\MSSQLSERVER2019;Initial Catalog=CarisbrookeShipping123456;User ID=sa;Password=Abcdefg1 At 28/09/2022 10:30:48
Data  Data Source=JIGNESHLIMBANI\MSSQLSERVER2019;Initial Catalog=CarisbrookeShipping123456;User ID=sa;Password=Abcdefg1 At 28/09/2022 10:30:50
Data  Data Source=JIGNESHLIMBANI\MSSQLSERVER2019;Initial Catalog=CarisbrookeShipping123456;User ID=sa;Password=Abcdefg1 At 28/09/2022 10:30:50
Data  Data Source=JIGNESHLIMBANI\MSSQLSERVER2019;Initial Catalog=CarisbrookeShipping123456;User ID=sa;Password=Abcdefg1 At 28/09/2022 10:30:50
Data  Data Source=JIGNESHLIMBANI\MSSQLSERVER2019;Initial Catalog=CarisbrookeShipping123456;User ID=sa;Password=Abcdefg1 At 28/09/2022 10:30:50
Data  Data Source=JIGNESHLIMBANI\MSSQLSERVER2019;Initial Catalog=CarisbrookeShipping123456;User ID=sa;Password=Abcdefg1 At 28/09/2022 10:31:04
Data  Data Source=JIGNESHLIMBANI\MSSQLSERVER2019;Initial Catalog=CarisbrookeShipping123456;User ID=sa;Password=Abcdefg1 At 28/09/2022 10:31:04
Data  Data Source=JIGNESHLIMBANI\MSSQLSERVER2019;Initial Catalog=CarisbrookeShipping123456;User ID=sa;Password=Abcdefg1 At 28/09/2022 10:31:07
Data  Data Source=JIGNESHLIMBANI\MSSQLSERVER2019;Initial Catalog=CarisbrookeShipping123456;User ID=sa;Password=Abcdefg1 At 28/09/2022 10:31:09
Data  Data Source=JIGNESHLIMBANI\MSSQLSERVER2019;Initial Catalog=CarisbrookeShipping123456;User ID=sa;Password=Abcdefg1 At 28/09/2022 10:31:09
Data  Data Source=JIGNESHLIMBANI\MSSQLSERVER2019;Initial Catalog=CarisbrookeShipping123456;User ID=sa;Password=Abcdefg1 At 28/09/2022 10:31:12
Data  Data Source=JIGNESHLIMBANI\MSSQLSERVER2019;Initial Catalog=CarisbrookeShipping123456;User ID=sa;Password=Abcdefg1 At 28/09/2022 10:31:16
Data  Data Source=JIGNESHLIMBANI\MSSQLSERVER2019;Initial Catalog=CarisbrookeShipping123456;User ID=sa;Password=Abcdefg1 At 28/09/2022 10:31:19
Data  Data Source=JIGNESHLIMBANI\MSSQLSERVER2019;Initial Catalog=CarisbrookeShipping123456;User ID=sa;Password=Abcdefg1 At 28/09/2022 10:31:19
Data  Data Source=JIGNESHLIMBANI\MSSQLSERVER2019;Initial Catalog=CarisbrookeShipping123456;User ID=sa;Password=Abcdefg1 At 28/09/2022 10:31:19
Data  Data Source=JIGNESHLIMBANI\MSSQLSERVER2019;Initial Catalog=CarisbrookeShipping123456;User ID=sa;Password=Abcdefg1 At 28/09/2022 10:31:19
Data  Data Source=JIGNESHLIMBANI\MSSQLSERVER2019;Initial Catalog=CarisbrookeShipping123456;User ID=sa;Password=Abcdefg1 At 28/09/2022 10:31:26
Data  Data Source=JIGNESHLIMBANI\MSSQLSERVER2019;Initial Catalog=CarisbrookeShipping123456;User ID=sa;Password=Abcdefg1 At 28/09/2022 10:31:26
Data  Data Source=JIGNESHLIMBANI\MSSQLSERVER2019;Initial Catalog=CarisbrookeShipping123456;User ID=sa;Password=Abcdefg1 At 28/09/2022 10:31:26
Data  Data Source=JIGNESHLIMBANI\MSSQLSERVER2019;Initial Catalog=CarisbrookeShipping123456;User ID=sa;Password=Abcdefg1 At 28/09/2022 10:31:26
Data  Data Source=JIGNESHLIMBANI\MSSQLSERVER2019;Initial Catalog=CarisbrookeShipping123456;User ID=sa;Password=Abcdefg1 At 28/09/2022 10:31:26
Data  Data Source=JIGNESHLIMBANI\MSSQLSERVER2019;Initial Catalog=CarisbrookeShipping123456;User ID=sa;Password=Abcdefg1 At 28/09/2022 10:31:29
Data  Data Source=JIGNESHLIMBANI\MSSQLSERVER2019;Initial Catalog=CarisbrookeShipping123456;User ID=sa;Password=Abcdefg1 At 28/09/2022 10:31:29
Data  Data Source=JIGNESHLIMBANI\MSSQLSERVER2019;Initial Catalog=CarisbrookeShipping123456;User ID=sa;Password=Abcdefg1 At 28/09/2022 10:32:05
Data  Data Source=JIGNESHLIMBANI\MSSQLSERVER2019;Initial Catalog=CarisbrookeShipping123456;User ID=sa;Password=Abcdefg1 At 28/09/2022 10:32:07
Data  Data Source=JIGNESHLIMBANI\MSSQLSERVER2019;Initial Catalog=CarisbrookeShipping123456;User ID=sa;Password=Abcdefg1 At 28/09/2022 10:32:07
Data  Data Source=JIGNESHLIMBANI\MSSQLSERVER2019;Initial Catalog=CarisbrookeShipping123456;User ID=sa;Password=Abcdefg1 At 28/09/2022 10:32:07
Data  Data Source=JIGNESHLIMBANI\MSSQLSERVER2019;Initial Catalog=CarisbrookeShipping123456;User ID=sa;Password=Abcdefg1 At 28/09/2022 10:32:07
Data  Data Source=JIGNESHLIMBANI\MSSQLSERVER2019;Initial Catalog=CarisbrookeShipping123456;User ID=sa;Password=Abcdefg1 At 28/09/2022 10:33:09
Data  Data Source=JIGNESHLIMBANI\MSSQLSERVER2019;Initial Catalog=CarisbrookeShipping123456;User ID=sa;Password=Abcdefg1 At 28/09/2022 10:33:09
Data  Data Source=JIGNESHLIMBANI\MSSQLSERVER2019;Initial Catalog=CarisbrookeShipping123456;User ID=sa;Password=Abcdefg1 At 28/09/2022 10:33:09
Data  Data Source=JIGNESHLIMBANI\MSSQLSERVER2019;Initial Catalog=CarisbrookeShipping123456;User ID=sa;Password=Abcdefg1 At 28/09/2022 10:33:09
Data  Data Source=JIGNESHLIMBANI\MSSQLSERVER2019;Initial Catalog=CarisbrookeShipping123456;User ID=sa;Password=Abcdefg1 At 28/09/2022 10:33:09
Data  Data Source=JIGNESHLIMBANI\MSSQLSERVER2019;Initial Catalog=CarisbrookeShipping123456;User ID=sa;Password=Abcdefg1 At 28/09/2022 10:33:17
Data  Data Source=JIGNESHLIMBANI\MSSQLSERVER2019;Initial Catalog=CarisbrookeShipping123456;User ID=sa;Password=Abcdefg1 At 28/09/2022 10:33:20
Data  Data Source=JIGNESHLIMBANI\MSSQLSERVER2019;Initial Catalog=CarisbrookeShipping123456;User ID=sa;Password=Abcdefg1 At 28/09/2022 10:33:35
Data  Data Source=JIGNESHLIMBANI\MSSQLSERVER2019;Initial Catalog=CarisbrookeShipping123456;User ID=sa;Password=Abcdefg1 At 28/09/2022 10:33:37
Data  Data Source=JIGNESHLIMBANI\MSSQLSERVER2019;Initial Catalog=CarisbrookeShipping123456;User ID=sa;Password=Abcdefg1 At 28/09/2022 10:33:56
Data  Data Source=JIGNESHLIMBANI\MSSQLSERVER2019;Initial Catalog=CarisbrookeShipping123456;User ID=sa;Password=Abcdefg1 At 28/09/2022 10:34:05
Data  Data Source=JIGNESHLIMBANI\MSSQLSERVER2019;Initial Catalog=CarisbrookeShipping123456;User ID=sa;Password=Abcdefg1 At 28/09/2022 10:34:05
Data  Data Source=JIGNESHLIMBANI\MSSQLSERVER2019;Initial Catalog=CarisbrookeShipping123456;User ID=sa;Password=Abcdefg1 At 28/09/2022 10:34:05
Data  Data Source=JIGNESHLIMBANI\MSSQLSERVER2019;Initial Catalog=CarisbrookeShipping123456;User ID=sa;Password=Abcdefg1 At 28/09/2022 10:34:05
Data  Data Source=JIGNESHLIMBANI\MSSQLSERVER2019;Initial Catalog=CarisbrookeShipping123456;User ID=sa;Password=Abcdefg1 At 28/09/2022 10:34:05
Data  Data Source=JIGNESHLIMBANI\MSSQLSERVER2019;Initial Catalog=CarisbrookeShipping123456;User ID=sa;Password=Abcdefg1 At 28/09/2022 10:34:10
Data  Data Source=JIGNESHLIMBANI\MSSQLSERVER2019;Initial Catalog=CarisbrookeShipping123456;User ID=sa;Password=Abcdefg1 At 28/09/2022 10:34:10
Data  Data Source=JIGNESHLIMBANI\MSSQLSERVER2019;Initial Catalog=CarisbrookeShipping123456;User ID=sa;Password=Abcdefg1 At 28/09/2022 10:34:23
Data  Data Source=JIGNESHLIMBANI\MSSQLSERVER2019;Initial Catalog=CarisbrookeShipping123456;User ID=sa;Password=Abcdefg1 At 28/09/2022 10:34:23
Data  Data Source=JIGNESHLIMBANI\MSSQLSERVER2019;Initial Catalog=CarisbrookeShipping123456;User ID=sa;Password=Abcdefg1 At 28/09/2022 10:34:24
Data  Data Source=JIGNESHLIMBANI\MSSQLSERVER2019;Initial Catalog=CarisbrookeShipping123456;User ID=sa;Password=Abcdefg1 At 28/09/2022 10:34:31
Data  Data Source=JIGNESHLIMBANI\MSSQLSERVER2019;Initial Catalog=CarisbrookeShipping123456;User ID=sa;Password=Abcdefg1 At 28/09/2022 10:34:33
Data  Data Source=JIGNESHLIMBANI\MSSQLSERVER2019;Initial Catalog=CarisbrookeShipping123456;User ID=sa;Password=Abcdefg1 At 28/09/2022 10:34:37
Data  Data Source=JIGNESHLIMBANI\MSSQLSERVER2019;Initial Catalog=CarisbrookeShipping123456;User ID=sa;Password=Abcdefg1 At 28/09/2022 10:34:37
Data  Data Source=JIGNESHLIMBANI\MSSQLSERVER2019;Initial Catalog=CarisbrookeShipping123456;User ID=sa;Password=Abcdefg1 At 28/09/2022 10:34:37
Data  Data Source=JIGNESHLIMBANI\MSSQLSERVER2019;Initial Catalog=CarisbrookeShipping123456;User ID=sa;Password=Abcdefg1 At 28/09/2022 10:34:44
Data  Data Source=JIGNESHLIMBANI\MSSQLSERVER2019;Initial Catalog=CarisbrookeShipping123456;User ID=sa;Password=Abcdefg1 At 28/09/2022 10:34:44
Data  Data Source=JIGNESHLIMBANI\MSSQLSERVER2019;Initial Catalog=CarisbrookeShipping123456;User ID=sa;Password=Abcdefg1 At 28/09/2022 10:34:44
Data  Data Source=JIGNESHLIMBANI\MSSQLSERVER2019;Initial Catalog=CarisbrookeShipping123456;User ID=sa;Password=Abcdefg1 At 28/09/2022 10:34:44
Data  Data Source=JIGNESHLIMBANI\MSSQLSERVER2019;Initial Catalog=CarisbrookeShipping123456;User ID=sa;Password=Abcdefg1 At 28/09/2022 10:34:44
Data  Data Source=JIGNESHLIMBANI\MSSQLSERVER2019;Initial Catalog=CarisbrookeShipping123456;User ID=sa;Password=Abcdefg1 At 28/09/2022 10:34:47
Data  Data Source=JIGNESHLIMBANI\MSSQLSERVER2019;Initial Catalog=CarisbrookeShipping123456;User ID=sa;Password=Abcdefg1 At 28/09/2022 10:34:53
Data  Data Source=JIGNESHLIMBANI\MSSQLSERVER2019;Initial Catalog=CarisbrookeShipping123456;User ID=sa;Password=Abcdefg1 At 28/09/2022 10:34:53
Data  Data Source=JIGNESHLIMBANI\MSSQLSERVER2019;Initial Catalog=CarisbrookeShipping123456;User ID=sa;Password=Abcdefg1 At 28/09/2022 10:34:53
Data  Data Source=JIGNESHLIMBANI\MSSQLSERVER2019;Initial Catalog=CarisbrookeShipping123456;User ID=sa;Password=Abcdefg1 At 28/09/2022 10:34:56
Data  Data Source=JIGNESHLIMBANI\MSSQLSERVER2019;Initial Catalog=CarisbrookeShipping123456;User ID=sa;Password=Abcdefg1 At 28/09/2022 10:34:56
Data  Data Source=JIGNESHLIMBANI\MSSQLSERVER2019;Initial Catalog=CarisbrookeShipping123456;User ID=sa;Password=Abcdefg1 At 28/09/2022 10:35:19
Data  Data Source=JIGNESHLIMBANI\MSSQLSERVER2019;Initial Catalog=CarisbrookeShipping123456;User ID=sa;Password=Abcdefg1 At 28/09/2022 10:35:21
Data  Data Source=JIGNESHLIMBANI\MSSQLSERVER2019;Initial Catalog=CarisbrookeShipping123456;User ID=sa;Password=Abcdefg1 At 28/09/2022 10:35:21
Data  Data Source=JIGNESHLIMBANI\MSSQLSERVER2019;Initial Catalog=CarisbrookeShipping123456;User ID=sa;Password=Abcdefg1 At 28/09/2022 10:35:21
Data  Data Source=JIGNESHLIMBANI\MSSQLSERVER2019;Initial Catalog=CarisbrookeShipping123456;User ID=sa;Password=Abcdefg1 At 28/09/2022 10:35:21
Data  Data Source=JIGNESHLIMBANI\MSSQLSERVER2019;Initial Catalog=CarisbrookeShipping123456;User ID=sa;Password=Abcdefg1 At 28/09/2022 10:35:31
Data  Data Source=JIGNESHLIMBANI\MSSQLSERVER2019;Initial Catalog=CarisbrookeShipping123456;User ID=sa;Password=Abcdefg1 At 28/09/2022 10:35:31
Data  Data Source=JIGNESHLIMBANI\MSSQLSERVER2019;Initial Catalog=CarisbrookeShipping123456;User ID=sa;Password=Abcdefg1 At 28/09/2022 10:35:31
Data  Data Source=JIGNESHLIMBANI\MSSQLSERVER2019;Initial Catalog=CarisbrookeShipping123456;User ID=sa;Password=Abcdefg1 At 28/09/2022 10:35:31
Data  Data Source=JIGNESHLIMBANI\MSSQLSERVER2019;Initial Catalog=CarisbrookeShipping123456;User ID=sa;Password=Abcdefg1 At 28/09/2022 10:35:31
Data  Data Source=JIGNESHLIMBANI\MSSQLSERVER2019;Initial Catalog=CarisbrookeShipping123456;User ID=sa;Password=Abcdefg1 At 28/09/2022 10:35:33
Data  Data Source=JIGNESHLIMBANI\MSSQLSERVER2019;Initial Catalog=CarisbrookeShipping123456;User ID=sa;Password=Abcdefg1 At 28/09/2022 10:35:33
Data  Data Source=JIGNESHLIMBANI\MSSQLSERVER2019;Initial Catalog=CarisbrookeShipping123456;User ID=sa;Password=Abcdefg1 At 28/09/2022 10:35:47
Data  Data Source=JIGNESHLIMBANI\MSSQLSERVER2019;Initial Catalog=CarisbrookeShipping123456;User ID=sa;Password=Abcdefg1 At 28/09/2022 10:35:47
Data  Data Source=JIGNESHLIMBANI\MSSQLSERVER2019;Initial Catalog=CarisbrookeShipping123456;User ID=sa;Password=Abcdefg1 At 28/09/2022 10:35:48
Data  Data Source=JIGNESHLIMBANI\MSSQLSERVER2019;Initial Catalog=CarisbrookeShipping123456;User ID=sa;Password=Abcdefg1 At 28/09/2022 10:35:56
Data  Data Source=JIGNESHLIMBANI\MSSQLSERVER2019;Initial Catalog=CarisbrookeShipping123456;User ID=sa;Password=Abcdefg1 At 28/09/2022 10:35:59
Data  Data Source=JIGNESHLIMBANI\MSSQLSERVER2019;Initial Catalog=CarisbrookeShipping123456;User ID=sa;Password=Abcdefg1 At 28/09/2022 10:35:59
Data  Data Source=JIGNESHLIMBANI\MSSQLSERVER2019;Initial Catalog=CarisbrookeShipping123456;User ID=sa;Password=Abcdefg1 At 28/09/2022 10:35:59
Data  Data Source=JIGNESHLIMBANI\MSSQLSERVER2019;Initial Catalog=CarisbrookeShipping123456;User ID=sa;Password=Abcdefg1 At 28/09/2022 10:35:59
Data  Data Source=JIGNESHLIMBANI\MSSQLSERVER2019;Initial Catalog=CarisbrookeShipping123456;User ID=sa;Password=Abcdefg1 At 28/09/2022 10:36:05
Data  Data Source=JIGNESHLIMBANI\MSSQLSERVER2019;Initial Catalog=CarisbrookeShipping123456;User ID=sa;Password=Abcdefg1 At 28/09/2022 10:36:05
Data  Data Source=JIGNESHLIMBANI\MSSQLSERVER2019;Initial Catalog=CarisbrookeShipping123456;User ID=sa;Password=Abcdefg1 At 28/09/2022 10:36:06
Data  Data Source=JIGNESHLIMBANI\MSSQLSERVER2019;Initial Catalog=CarisbrookeShipping123456;User ID=sa;Password=Abcdefg1 At 28/09/2022 10:36:06
Data  Data Source=JIGNESHLIMBANI\MSSQLSERVER2019;Initial Catalog=CarisbrookeShipping123456;User ID=sa;Password=Abcdefg1 At 28/09/2022 10:36:06
Data  Data Source=JIGNESHLIMBANI\MSSQLSERVER2019;Initial Catalog=CarisbrookeShipping123456;User ID=sa;Password=Abcdefg1 At 28/09/2022 10:36:09
Data  Data Source=JIGNESHLIMBANI\MSSQLSERVER2019;Initial Catalog=CarisbrookeShipping123456;User ID=sa;Password=Abcdefg1 At 28/09/2022 10:36:10
Data  Data Source=JIGNESHLIMBANI\MSSQLSERVER2019;Initial Catalog=CarisbrookeShipping123456;User ID=sa;Password=Abcdefg1 At 28/09/2022 10:36:18
Data  Data Source=JIGNESHLIMBANI\MSSQLSERVER2019;Initial Catalog=CarisbrookeShipping123456;User ID=sa;Password=Abcdefg1 At 28/09/2022 10:36:18
Data  Data Source=JIGNESHLIMBANI\MSSQLSERVER2019;Initial Catalog=CarisbrookeShipping123456;User ID=sa;Password=Abcdefg1 At 28/09/2022 10:36:19
Data  Data Source=JIGNESHLIMBANI\MSSQLSERVER2019;Initial Catalog=CarisbrookeShipping123456;User ID=sa;Password=Abcdefg1 At 28/09/2022 10:36:23
Data  Data Source=JIGNESHLIMBANI\MSSQLSERVER2019;Initial Catalog=CarisbrookeShipping123456;User ID=sa;Password=Abcdefg1 At 28/09/2022 10:36:27
Data  Data Source=JIGNESHLIMBANI\MSSQLSERVER2019;Initial Catalog=CarisbrookeShipping123456;User ID=sa;Password=Abcdefg1 At 28/09/2022 10:36:27
Data  Data Source=JIGNESHLIMBANI\MSSQLSERVER2019;Initial Catalog=CarisbrookeShipping123456;User ID=sa;Password=Abcdefg1 At 28/09/2022 10:36:40
Data  Data Source=JIGNESHLIMBANI\MSSQLSERVER2019;Initial Catalog=CarisbrookeShipping123456;User ID=sa;Password=Abcdefg1 At 28/09/2022 10:36:43
Data  Data Source=JIGNESHLIMBANI\MSSQLSERVER2019;Initial Catalog=CarisbrookeShipping123456;User ID=sa;Password=Abcdefg1 At 28/09/2022 10:36:43
Data  Data Source=JIGNESHLIMBANI\MSSQLSERVER2019;Initial Catalog=CarisbrookeShipping123456;User ID=sa;Password=Abcdefg1 At 28/09/2022 10:36:43
Data  Data Source=JIGNESHLIMBANI\MSSQLSERVER2019;Initial Catalog=CarisbrookeShipping123456;User ID=sa;Password=Abcdefg1 At 28/09/2022 10:36:43
Data  Data Source=JIGNESHLIMBANI\MSSQLSERVER2019;Initial Catalog=CarisbrookeShipping123456;User ID=sa;Password=Abcdefg1 At 28/09/2022 10:36:51
Data  Data Source=JIGNESHLIMBANI\MSSQLSERVER2019;Initial Catalog=CarisbrookeShipping123456;User ID=sa;Password=Abcdefg1 At 28/09/2022 10:36:51
Data  Data Source=JIGNESHLIMBANI\MSSQLSERVER2019;Initial Catalog=CarisbrookeShipping123456;User ID=sa;Password=Abcdefg1 At 28/09/2022 10:36:51
Data  Data Source=JIGNESHLIMBANI\MSSQLSERVER2019;Initial Catalog=CarisbrookeShipping123456;User ID=sa;Password=Abcdefg1 At 28/09/2022 10:36:51
Data  Data Source=JIGNESHLIMBANI\MSSQLSERVER2019;Initial Catalog=CarisbrookeShipping123456;User ID=sa;Password=Abcdefg1 At 28/09/2022 10:36:51
Data  Data Source=JIGNESHLIMBANI\MSSQLSERVER2019;Initial Catalog=CarisbrookeShipping123456;User ID=sa;Password=Abcdefg1 At 28/09/2022 10:36:54
Data  Data Source=JIGNESHLIMBANI\MSSQLSERVER2019;Initial Catalog=CarisbrookeShipping123456;User ID=sa;Password=Abcdefg1 At 28/09/2022 10:36:54
Data  Data Source=JIGNESHLIMBANI\MSSQLSERVER2019;Initial Catalog=CarisbrookeShipping123456;User ID=sa;Password=Abcdefg1 At 28/09/2022 10:37:15
Data  Data Source=JIGNESHLIMBANI\MSSQLSERVER2019;Initial Catalog=CarisbrookeShipping123456;User ID=sa;Password=Abcdefg1 At 28/09/2022 10:37:17
Data  Data Source=JIGNESHLIMBANI\MSSQLSERVER2019;Initial Catalog=CarisbrookeShipping123456;User ID=sa;Password=Abcdefg1 At 28/09/2022 10:37:17
Data  Data Source=JIGNESHLIMBANI\MSSQLSERVER2019;Initial Catalog=CarisbrookeShipping123456;User ID=sa;Password=Abcdefg1 At 28/09/2022 10:37:17
Data  Data Source=JIGNESHLIMBANI\MSSQLSERVER2019;Initial Catalog=CarisbrookeShipping123456;User ID=sa;Password=Abcdefg1 At 28/09/2022 10:37:17
Data  Data Source=JIGNESHLIMBANI\MSSQLSERVER2019;Initial Catalog=CarisbrookeShipping123456;User ID=sa;Password=Abcdefg1 At 28/09/2022 10:37:22
Data  Data Source=JIGNESHLIMBANI\MSSQLSERVER2019;Initial Catalog=CarisbrookeShipping123456;User ID=sa;Password=Abcdefg1 At 28/09/2022 10:37:22
Data  Data Source=JIGNESHLIMBANI\MSSQLSERVER2019;Initial Catalog=CarisbrookeShipping123456;User ID=sa;Password=Abcdefg1 At 28/09/2022 10:37:22
Data  Data Source=JIGNESHLIMBANI\MSSQLSERVER2019;Initial Catalog=CarisbrookeShipping123456;User ID=sa;Password=Abcdefg1 At 28/09/2022 10:37:22
Data  Data Source=JIGNESHLIMBANI\MSSQLSERVER2019;Initial Catalog=CarisbrookeShipping123456;User ID=sa;Password=Abcdefg1 At 28/09/2022 10:37:22
Data  Data Source=JIGNESHLIMBANI\MSSQLSERVER2019;Initial Catalog=CarisbrookeShipping123456;User ID=sa;Password=Abcdefg1 At 28/09/2022 10:37:25
Data  Data Source=JIGNESHLIMBANI\MSSQLSERVER2019;Initial Catalog=CarisbrookeShipping123456;User ID=sa;Password=Abcdefg1 At 28/09/2022 10:37:25
Data  Data Source=JIGNESHLIMBANI\MSSQLSERVER2019;Initial Catalog=CarisbrookeShipping123456;User ID=sa;Password=Abcdefg1 At 28/09/2022 10:37:36
Data  Data Source=JIGNESHLIMBANI\MSSQLSERVER2019;Initial Catalog=CarisbrookeShipping123456;User ID=sa;Password=Abcdefg1 At 28/09/2022 10:37:39
Data  Data Source=JIGNESHLIMBANI\MSSQLSERVER2019;Initial Catalog=CarisbrookeShipping123456;User ID=sa;Password=Abcdefg1 At 28/09/2022 10:37:39
Data  Data Source=JIGNESHLIMBANI\MSSQLSERVER2019;Initial Catalog=CarisbrookeShipping123456;User ID=sa;Password=Abcdefg1 At 28/09/2022 10:37:39
Data  Data Source=JIGNESHLIMBANI\MSSQLSERVER2019;Initial Catalog=CarisbrookeShipping123456;User ID=sa;Password=Abcdefg1 At 28/09/2022 10:37:39
Data  Data Source=JIGNESHLIMBANI\MSSQLSERVER2019;Initial Catalog=CarisbrookeShipping123456;User ID=sa;Password=Abcdefg1 At 28/09/2022 10:37:48
Data  Data Source=JIGNESHLIMBANI\MSSQLSERVER2019;Initial Catalog=CarisbrookeShipping123456;User ID=sa;Password=Abcdefg1 At 28/09/2022 10:37:48
Data  Data Source=JIGNESHLIMBANI\MSSQLSERVER2019;Initial Catalog=CarisbrookeShipping123456;User ID=sa;Password=Abcdefg1 At 28/09/2022 10:37:48
Data  Data Source=JIGNESHLIMBANI\MSSQLSERVER2019;Initial Catalog=CarisbrookeShipping123456;User ID=sa;Password=Abcdefg1 At 28/09/2022 10:37:48
Data  Data Source=JIGNESHLIMBANI\MSSQLSERVER2019;Initial Catalog=CarisbrookeShipping123456;User ID=sa;Password=Abcdefg1 At 28/09/2022 10:37:48
Data  Data Source=JIGNESHLIMBANI\MSSQLSERVER2019;Initial Catalog=CarisbrookeShipping123456;User ID=sa;Password=Abcdefg1 At 28/09/2022 10:37:51
Data  Data Source=JIGNESHLIMBANI\MSSQLSERVER2019;Initial Catalog=CarisbrookeShipping123456;User ID=sa;Password=Abcdefg1 At 28/09/2022 10:37:52
Data  Data Source=JIGNESHLIMBANI\MSSQLSERVER2019;Initial Catalog=CarisbrookeShipping123456;User ID=sa;Password=Abcdefg1 At 28/09/2022 10:38:00
getDeficienciesDeletedNumbers :Procedure or function 'SP_Get_GIDeficiencies_OR_SIActionableItems_Number' expects parameter '@Ship', which was not supplied. At 28/09/2022 10:38:00
Data  Data Source=JIGNESHLIMBANI\MSSQLSERVER2019;Initial Catalog=CarisbrookeShipping123456;User ID=sa;Password=Abcdefg1 At 28/09/2022 10:38:15
Data  Data Source=JIGNESHLIMBANI\MSSQLSERVER2019;Initial Catalog=CarisbrookeShipping123456;User ID=sa;Password=Abcdefg1 At 28/09/2022 10:38:15
Data  Data Source=JIGNESHLIMBANI\MSSQLSERVER2019;Initial Catalog=CarisbrookeShipping123456;User ID=sa;Password=Abcdefg1 At 28/09/2022 10:38:15
Data  Data Source=JIGNESHLIMBANI\MSSQLSERVER2019;Initial Catalog=CarisbrookeShipping123456;User ID=sa;Password=Abcdefg1 At 28/09/2022 10:38:15
Data  Data Source=JIGNESHLIMBANI\MSSQLSERVER2019;Initial Catalog=CarisbrookeShipping123456;User ID=sa;Password=Abcdefg1 At 28/09/2022 10:38:15
Data  Data Source=JIGNESHLIMBANI\MSSQLSERVER2019;Initial Catalog=CarisbrookeShipping123456;User ID=sa;Password=Abcdefg1 At 28/09/2022 10:38:15
Data  Data Source=JIGNESHLIMBANI\MSSQLSERVER2019;Initial Catalog=CarisbrookeShipping123456;User ID=sa;Password=Abcdefg1 At 28/09/2022 10:38:15
Data  Data Source=JIGNESHLIMBANI\MSSQLSERVER2019;Initial Catalog=CarisbrookeShipping123456;User ID=sa;Password=Abcdefg1 At 28/09/2022 10:38:15
Data  Data Source=JIGNESHLIMBANI\MSSQLSERVER2019;Initial Catalog=CarisbrookeShipping123456;User ID=sa;Password=Abcdefg1 At 28/09/2022 10:38:15
Data  Data Source=JIGNESHLIMBANI\MSSQLSERVER2019;Initial Catalog=CarisbrookeShipping123456;User ID=sa;Password=Abcdefg1 At 28/09/2022 10:38:15
Data  Data Source=JIGNESHLIMBANI\MSSQLSERVER2019;Initial Catalog=CarisbrookeShipping123456;User ID=sa;Password=Abcdefg1 At 28/09/2022 10:38:16
Data  Data Source=JIGNESHLIMBANI\MSSQLSERVER2019;Initial Catalog=CarisbrookeShipping123456;User ID=sa;Password=Abcdefg1 At 28/09/2022 10:38:20
Data  Data Source=JIGNESHLIMBANI\MSSQLSERVER2019;Initial Catalog=CarisbrookeShipping123456;User ID=sa;Password=Abcdefg1 At 28/09/2022 10:38:20
Data  Data Source=JIGNESHLIMBANI\MSSQLSERVER2019;Initial Catalog=CarisbrookeShipping123456;User ID=sa;Password=Abcdefg1 At 28/09/2022 10:38:20
Data  Data Source=JIGNESHLIMBANI\MSSQLSERVER2019;Initial Catalog=CarisbrookeShipping123456;User ID=sa;Password=Abcdefg1 At 28/09/2022 10:38:22
Data  Data Source=JIGNESHLIMBANI\MSSQLSERVER2019;Initial Catalog=CarisbrookeShipping123456;User ID=sa;Password=Abcdefg1 At 28/09/2022 10:38:22
Data  Data Source=JIGNESHLIMBANI\MSSQLSERVER2019;Initial Catalog=CarisbrookeShipping123456;User ID=sa;Password=Abcdefg1 At 28/09/2022 10:38:24
Data  Data Source=JIGNESHLIMBANI\MSSQLSERVER2019;Initial Catalog=CarisbrookeShipping123456;User ID=sa;Password=Abcdefg1 At 28/09/2022 10:38:29
Data  Data Source=JIGNESHLIMBANI\MSSQLSERVER2019;Initial Catalog=CarisbrookeShipping123456;User ID=sa;Password=Abcdefg1 At 28/09/2022 10:38:29
Data  Data Source=JIGNESHLIMBANI\MSSQLSERVER2019;Initial Catalog=CarisbrookeShipping123456;User ID=sa;Password=Abcdefg1 At 28/09/2022 10:38:44
Data  Data Source=JIGNESHLIMBANI\MSSQLSERVER2019;Initial Catalog=CarisbrookeShipping123456;User ID=sa;Password=Abcdefg1 At 28/09/2022 10:38:47
Data  Data Source=JIGNESHLIMBANI\MSSQLSERVER2019;Initial Catalog=CarisbrookeShipping123456;User ID=sa;Password=Abcdefg1 At 28/09/2022 10:38:47
Data  Data Source=JIGNESHLIMBANI\MSSQLSERVER2019;Initial Catalog=CarisbrookeShipping123456;User ID=sa;Password=Abcdefg1 At 28/09/2022 10:38:47
Data  Data Source=JIGNESHLIMBANI\MSSQLSERVER2019;Initial Catalog=CarisbrookeShipping123456;User ID=sa;Password=Abcdefg1 At 28/09/2022 10:38:47
Data  Data Source=JIGNESHLIMBANI\MSSQLSERVER2019;Initial Catalog=CarisbrookeShipping123456;User ID=sa;Password=Abcdefg1 At 28/09/2022 10:38:56
Data  Data Source=JIGNESHLIMBANI\MSSQLSERVER2019;Initial Catalog=CarisbrookeShipping123456;User ID=sa;Password=Abcdefg1 At 28/09/2022 10:38:56
Data  Data Source=JIGNESHLIMBANI\MSSQLSERVER2019;Initial Catalog=CarisbrookeShipping123456;User ID=sa;Password=Abcdefg1 At 28/09/2022 10:38:56
Data  Data Source=JIGNESHLIMBANI\MSSQLSERVER2019;Initial Catalog=CarisbrookeShipping123456;User ID=sa;Password=Abcdefg1 At 28/09/2022 10:38:56
Data  Data Source=JIGNESHLIMBANI\MSSQLSERVER2019;Initial Catalog=CarisbrookeShipping123456;User ID=sa;Password=Abcdefg1 At 28/09/2022 10:38:56
Data  Data Source=JIGNESHLIMBANI\MSSQLSERVER2019;Initial Catalog=CarisbrookeShipping123456;User ID=sa;Password=Abcdefg1 At 28/09/2022 10:38:58
Data  Data Source=JIGNESHLIMBANI\MSSQLSERVER2019;Initial Catalog=CarisbrookeShipping123456;User ID=sa;Password=Abcdefg1 At 28/09/2022 10:38:59
Data  Data Source=JIGNESHLIMBANI\MSSQLSERVER2019;Initial Catalog=CarisbrookeShipping123456;User ID=sa;Password=Abcdefg1 At 28/09/2022 10:39:33
Data  Data Source=JIGNESHLIMBANI\MSSQLSERVER2019;Initial Catalog=CarisbrookeShipping123456;User ID=sa;Password=Abcdefg1 At 28/09/2022 10:39:36
Data  Data Source=JIGNESHLIMBANI\MSSQLSERVER2019;Initial Catalog=CarisbrookeShipping123456;User ID=sa;Password=Abcdefg1 At 28/09/2022 10:39:36
Data  Data Source=JIGNESHLIMBANI\MSSQLSERVER2019;Initial Catalog=CarisbrookeShipping123456;User ID=sa;Password=Abcdefg1 At 28/09/2022 10:39:36
Data  Data Source=JIGNESHLIMBANI\MSSQLSERVER2019;Initial Catalog=CarisbrookeShipping123456;User ID=sa;Password=Abcdefg1 At 28/09/2022 10:39:36
Data  Data Source=JIGNESHLIMBANI\MSSQLSERVER2019;Initial Catalog=CarisbrookeShipping123456;User ID=sa;Password=Abcdefg1 At 28/09/2022 10:39:38
Data  Data Source=JIGNESHLIMBANI\MSSQLSERVER2019;Initial Catalog=CarisbrookeShipping123456;User ID=sa;Password=Abcdefg1 At 28/09/2022 10:39:38
Data  Data Source=JIGNESHLIMBANI\MSSQLSERVER2019;Initial Catalog=CarisbrookeShipping123456;User ID=sa;Password=Abcdefg1 At 28/09/2022 10:40:06
Data  Data Source=JIGNESHLIMBANI\MSSQLSERVER2019;Initial Catalog=CarisbrookeShipping123456;User ID=sa;Password=Abcdefg1 At 28/09/2022 10:40:09
Data  Data Source=JIGNESHLIMBANI\MSSQLSERVER2019;Initial Catalog=CarisbrookeShipping123456;User ID=sa;Password=Abcdefg1 At 28/09/2022 10:40:24
Data  Data Source=JIGNESHLIMBANI\MSSQLSERVER2019;Initial Catalog=CarisbrookeShipping123456;User ID=sa;Password=Abcdefg1 At 28/09/2022 10:40:28
Data  Data Source=JIGNESHLIMBANI\MSSQLSERVER2019;Initial Catalog=CarisbrookeShipping123456;User ID=sa;Password=Abcdefg1 At 28/09/2022 10:45:57
IsAvailable At 28/09/2022 10:45:57
Data  Data Source=JIGNESHLIMBANI\MSSQLSERVER2019;Initial Catalog=CarisbrookeShipping123456;User ID=sa;Password=Abcdefg1 At 28/09/2022 10:45:57
Data  Data Source=JIGNESHLIMBANI\MSSQLSERVER2019;Initial Catalog=CarisbrookeShipping123456;User ID=sa;Password=Abcdefg1 At 28/09/2022 10:45:57
Data  Data Source=JIGNESHLIMBANI\MSSQLSERVER2019;Initial Catalog=CarisbrookeShipping123456;User ID=sa;Password=Abcdefg1 At 28/09/2022 10:45:57
Data  Data Source=JIGNESHLIMBANI\MSSQLSERVER2019;Initial Catalog=CarisbrookeShipping123456;User ID=sa;Password=Abcdefg1 At 28/09/2022 10:45:57
Data  Data Source=JIGNESHLIMBANI\MSSQLSERVER2019;Initial Catalog=CarisbrookeShipping123456;User ID=sa;Password=Abcdefg1 At 28/09/2022 10:46:06
Data  Data Source=JIGNESHLIMBANI\MSSQLSERVER2019;Initial Catalog=CarisbrookeShipping123456;User ID=sa;Password=Abcdefg1 At 28/09/2022 10:46:06
Data  Data Source=JIGNESHLIMBANI\MSSQLSERVER2019;Initial Catalog=CarisbrookeShipping123456;User ID=sa;Password=Abcdefg1 At 28/09/2022 10:46:13
Data  Data Source=JIGNESHLIMBANI\MSSQLSERVER2019;Initial Catalog=CarisbrookeShipping123456;User ID=sa;Password=Abcdefg1 At 28/09/2022 10:46:16
Data  Data Source=JIGNESHLIMBANI\MSSQLSERVER2019;Initial Catalog=CarisbrookeShipping123456;User ID=sa;Password=Abcdefg1 At 28/09/2022 10:46:20
Data  Data Source=JIGNESHLIMBANI\MSSQLSERVER2019;Initial Catalog=CarisbrookeShipping123456;User ID=sa;Password=Abcdefg1 At 28/09/2022 10:46:29
Data  Data Source=JIGNESHLIMBANI\MSSQLSERVER2019;Initial Catalog=CarisbrookeShipping123456;User ID=sa;Password=Abcdefg1 At 28/09/2022 10:46:29
Data  Data Source=JIGNESHLIMBANI\MSSQLSERVER2019;Initial Catalog=CarisbrookeShipping123456;User ID=sa;Password=Abcdefg1 At 28/09/2022 10:46:31
Data  Data Source=JIGNESHLIMBANI\MSSQLSERVER2019;Initial Catalog=CarisbrookeShipping123456;User ID=sa;Password=Abcdefg1 At 28/09/2022 10:46:37
Data  Data Source=JIGNESHLIMBANI\MSSQLSERVER2019;Initial Catalog=CarisbrookeShipping123456;User ID=sa;Password=Abcdefg1 At 28/09/2022 10:46:39
Data  Data Source=JIGNESHLIMBANI\MSSQLSERVER2019;Initial Catalog=CarisbrookeShipping123456;User ID=sa;Password=Abcdefg1 At 28/09/2022 10:46:43
Data  Data Source=JIGNESHLIMBANI\MSSQLSERVER2019;Initial Catalog=CarisbrookeShipping123456;User ID=sa;Password=Abcdefg1 At 28/09/2022 10:46:43
Data  Data Source=JIGNESHLIMBANI\MSSQLSERVER2019;Initial Catalog=CarisbrookeShipping123456;User ID=sa;Password=Abcdefg1 At 28/09/2022 10:46:43
Data  Data Source=JIGNESHLIMBANI\MSSQLSERVER2019;Initial Catalog=CarisbrookeShipping123456;User ID=sa;Password=Abcdefg1 At 28/09/2022 10:46:50
Data  Data Source=JIGNESHLIMBANI\MSSQLSERVER2019;Initial Catalog=CarisbrookeShipping123456;User ID=sa;Password=Abcdefg1 At 28/09/2022 10:46:50
Data  Data Source=JIGNESHLIMBANI\MSSQLSERVER2019;Initial Catalog=CarisbrookeShipping123456;User ID=sa;Password=Abcdefg1 At 28/09/2022 10:46:50
Data  Data Source=JIGNESHLIMBANI\MSSQLSERVER2019;Initial Catalog=CarisbrookeShipping123456;User ID=sa;Password=Abcdefg1 At 28/09/2022 10:46:50
Data  Data Source=JIGNESHLIMBANI\MSSQLSERVER2019;Initial Catalog=CarisbrookeShipping123456;User ID=sa;Password=Abcdefg1 At 28/09/2022 10:46:50
Data  Data Source=JIGNESHLIMBANI\MSSQLSERVER2019;Initial Catalog=CarisbrookeShipping123456;User ID=sa;Password=Abcdefg1 At 28/09/2022 10:46:53
Data  Data Source=JIGNESHLIMBANI\MSSQLSERVER2019;Initial Catalog=CarisbrookeShipping123456;User ID=sa;Password=Abcdefg1 At 28/09/2022 10:46:53
Data  Data Source=JIGNESHLIMBANI\MSSQLSERVER2019;Initial Catalog=CarisbrookeShipping123456;User ID=sa;Password=Abcdefg1 At 28/09/2022 10:47:06
Data  Data Source=JIGNESHLIMBANI\MSSQLSERVER2019;Initial Catalog=CarisbrookeShipping123456;User ID=sa;Password=Abcdefg1 At 28/09/2022 10:47:09
Data  Data Source=JIGNESHLIMBANI\MSSQLSERVER2019;Initial Catalog=CarisbrookeShipping123456;User ID=sa;Password=Abcdefg1 At 28/09/2022 10:47:09
Data  Data Source=JIGNESHLIMBANI\MSSQLSERVER2019;Initial Catalog=CarisbrookeShipping123456;User ID=sa;Password=Abcdefg1 At 28/09/2022 10:47:09
Data  Data Source=JIGNESHLIMBANI\MSSQLSERVER2019;Initial Catalog=CarisbrookeShipping123456;User ID=sa;Password=Abcdefg1 At 28/09/2022 10:47:09
Data  Data Source=JIGNESHLIMBANI\MSSQLSERVER2019;Initial Catalog=CarisbrookeShipping123456;User ID=sa;Password=Abcdefg1 At 28/09/2022 10:47:12
Data  Data Source=JIGNESHLIMBANI\MSSQLSERVER2019;Initial Catalog=CarisbrookeShipping123456;User ID=sa;Password=Abcdefg1 At 28/09/2022 10:47:12
