GetFormsPersonList Error : An error occurred while executing the command definition. See the inner exception for details.
GetFormsPersonList Error : An error occurred while executing the command definition. See the inner exception for details.
GetFormsPersonList Error : An error occurred while executing the command definition. See the inner exception for details.
GetFormsPersonList Error : An error occurred while executing the command definition. See the inner exception for details.
GetNumberForNotes : Value cannot be null.
Parameter name: input : 
GetNumberForNotes : Value cannot be null.
Parameter name: input : 
GetFormsPersonList Error : An error occurred while executing the command definition. See the inner exception for details.
GetFormsPersonList Error : An error occurred while executing the command definition. See the inner exception for details.
GetFormsPersonList Error : An error occurred while executing the command definition. See the inner exception for details.
GetFormsPersonList Error : An error occurred while executing the command definition. See the inner exception for details.
GetFormsPersonList Error : An error occurred while executing the command definition. See the inner exception for details.
GetFormsPersonList Error : An error occurred while executing the command definition. See the inner exception for details.
GetFormsPersonList Error : An error occurred while executing the command definition. See the inner exception for details.
GetFormsPersonList Error : An error occurred while executing the command definition. See the inner exception for details.
DeficienciesNumber :Value cannot be null.
Parameter name: input
DeficienciesNumber :Value cannot be null.
Parameter name: input
GetFormsPersonList Error : An error occurred while executing the command definition. See the inner exception for details.
GetFormsPersonList Error : An error occurred while executing the command definition. See the inner exception for details.
GetFormsPersonList Error : An error occurred while executing the command definition. See the inner exception for details.
GetFormsPersonList Error : An error occurred while executing the command definition. See the inner exception for details.
